[2019-07-25 19:35:18.932] [exthost] [info] extension host started
[2019-07-25 19:35:19.075] [exthost] [info] ExtensionService#_doActivateExtension vscode.debug-auto-launch {"startup":true,"activationEvent":"*"}
[2019-07-25 19:35:19.075] [exthost] [info] ExtensionService#loadCommonJSModule /usr/share/code/resources/app/extensions/debug-auto-launch/dist/extension
[2019-07-25 19:35:19.083] [exthost] [info] ExtensionService#_doActivateExtension vscode.emmet {"startup":true,"activationEvent":"*"}
[2019-07-25 19:35:19.098] [exthost] [info] ExtensionService#loadCommonJSModule /usr/share/code/resources/app/extensions/emmet/dist/extension
[2019-07-25 19:35:19.212] [exthost] [info] ExtensionService#_doActivateExtension vscode.git {"startup":true,"activationEvent":"*"}
[2019-07-25 19:35:19.212] [exthost] [info] ExtensionService#loadCommonJSModule /usr/share/code/resources/app/extensions/git/dist/main
[2019-07-25 19:35:19.938] [exthost] [info] ExtensionService#_doActivateExtension vscode.merge-conflict {"startup":true,"activationEvent":"*"}
[2019-07-25 19:35:19.938] [exthost] [info] ExtensionService#loadCommonJSModule /usr/share/code/resources/app/extensions/merge-conflict/dist/extension
[2019-07-25 19:35:19.991] [exthost] [info] ExtensionService#_doActivateExtension odubuc.mysql-inline-decorator {"startup":true,"activationEvent":"*"}
[2019-07-25 19:35:19.994] [exthost] [info] ExtensionService#loadCommonJSModule /home/thubelihle/.vscode/extensions/odubuc.mysql-inline-decorator-0.0.5/out/extension
[2019-07-25 19:35:19.998] [exthost] [info] ExtensionService#_doActivateExtension spmeesseman.vscode-taskexplorer {"startup":true,"activationEvent":"*"}
[2019-07-25 19:35:20.012] [exthost] [info] ExtensionService#loadCommonJSModule /home/thubelihle/.vscode/extensions/spmeesseman.vscode-taskexplorer-1.19.3/out/extension
[2019-07-25 19:35:20.449] [exthost] [info] ExtensionService#_doActivateExtension vscode-icons-team.vscode-icons {"startup":true,"activationEvent":"*"}
[2019-07-25 19:35:20.450] [exthost] [info] ExtensionService#loadCommonJSModule /home/thubelihle/.vscode/extensions/vscode-icons-team.vscode-icons-8.8.0/out/src/
[2019-07-25 19:35:20.882] [exthost] [info] eager extensions activated
[2019-07-25 19:35:33.011] [exthost] [info] extension host started
[2019-07-25 19:35:33.278] [exthost] [info] ExtensionService#_doActivateExtension vscode.debug-auto-launch {"startup":true,"activationEvent":"*"}
[2019-07-25 19:35:33.278] [exthost] [info] ExtensionService#loadCommonJSModule /usr/share/code/resources/app/extensions/debug-auto-launch/dist/extension
[2019-07-25 19:35:33.284] [exthost] [info] ExtensionService#_doActivateExtension vscode.emmet {"startup":true,"activationEvent":"*"}
[2019-07-25 19:35:33.284] [exthost] [info] ExtensionService#loadCommonJSModule /usr/share/code/resources/app/extensions/emmet/dist/extension
[2019-07-25 19:35:33.325] [exthost] [info] ExtensionService#_doActivateExtension vscode.git {"startup":true,"activationEvent":"*"}
[2019-07-25 19:35:33.325] [exthost] [info] ExtensionService#loadCommonJSModule /usr/share/code/resources/app/extensions/git/dist/main
[2019-07-25 19:35:33.460] [exthost] [info] ExtensionService#_doActivateExtension vscode.merge-conflict {"startup":true,"activationEvent":"*"}
[2019-07-25 19:35:33.460] [exthost] [info] ExtensionService#loadCommonJSModule /usr/share/code/resources/app/extensions/merge-conflict/dist/extension
[2019-07-25 19:35:33.471] [exthost] [info] ExtensionService#_doActivateExtension odubuc.mysql-inline-decorator {"startup":true,"activationEvent":"*"}
[2019-07-25 19:35:33.471] [exthost] [info] ExtensionService#loadCommonJSModule /home/thubelihle/.vscode/extensions/odubuc.mysql-inline-decorator-0.0.5/out/extension
[2019-07-25 19:35:33.474] [exthost] [info] ExtensionService#_doActivateExtension spmeesseman.vscode-taskexplorer {"startup":true,"activationEvent":"*"}
[2019-07-25 19:35:33.474] [exthost] [info] ExtensionService#loadCommonJSModule /home/thubelihle/.vscode/extensions/spmeesseman.vscode-taskexplorer-1.19.3/out/extension
[2019-07-25 19:35:33.542] [exthost] [info] ExtensionService#_doActivateExtension vscode-icons-team.vscode-icons {"startup":true,"activationEvent":"*"}
[2019-07-25 19:35:33.542] [exthost] [info] ExtensionService#loadCommonJSModule /home/thubelihle/.vscode/extensions/vscode-icons-team.vscode-icons-8.8.0/out/src/
[2019-07-25 19:35:33.922] [exthost] [info] ExtensionService#_doActivateExtension 766b.go-outliner {"startup":true,"activationEvent":"workspaceContains:**/*.go"}
[2019-07-25 19:35:33.923] [exthost] [info] ExtensionService#loadCommonJSModule /home/thubelihle/.vscode/extensions/766b.go-outliner-0.1.20/out/extension
[2019-07-25 19:35:34.177] [exthost] [info] eager extensions activated
[2019-07-25 19:36:03.060] [exthost] [info] ExtensionService#_doActivateExtension ms-vscode.Go {"startup":false,"activationEvent":"onLanguage:go"}
[2019-07-25 19:36:03.060] [exthost] [info] ExtensionService#loadCommonJSModule /home/thubelihle/.vscode/extensions/ms-vscode.go-0.11.4/out/src/goMain
[2019-07-25 19:36:03.266] [exthost] [info] ExtensionService#_doActivateExtension msyrus.go-doc {"startup":false,"activationEvent":"onLanguage:go"}
[2019-07-25 19:36:03.266] [exthost] [info] ExtensionService#loadCommonJSModule /home/thubelihle/.vscode/extensions/msyrus.go-doc-0.1.1/out/extension
[2019-07-25 19:36:03.270] [exthost] [info] ExtensionService#_doActivateExtension quillaja.goasm {"startup":false,"activationEvent":"onLanguage:go"}
[2019-07-25 19:36:03.270] [exthost] [info] ExtensionService#loadCommonJSModule /home/thubelihle/.vscode/extensions/quillaja.goasm-0.0.4/autocomplete/extension
[2019-07-25 19:36:19.043] [exthost] [info] ExtensionService#_doActivateExtension vscode.configuration-editing {"startup":false,"activationEvent":"onLanguage:jsonc"}
[2019-07-25 19:36:19.043] [exthost] [info] ExtensionService#loadCommonJSModule /usr/share/code/resources/app/extensions/configuration-editing/dist/extension
[2019-07-25 19:36:19.052] [exthost] [info] ExtensionService#_doActivateExtension vscode.json-language-features {"startup":false,"activationEvent":"onLanguage:jsonc"}
[2019-07-25 19:36:19.052] [exthost] [info] ExtensionService#loadCommonJSModule /usr/share/code/resources/app/extensions/json-language-features/client/dist/jsonMain
[2019-07-25 19:36:19.121] [exthost] [info] ExtensionService#_doActivateExtension vscode.typescript-language-features {"startup":false,"activationEvent":"onLanguage:jsonc"}
[2019-07-25 19:36:19.121] [exthost] [info] ExtensionService#loadCommonJSModule /usr/share/code/resources/app/extensions/typescript-language-features/dist/extension
[2019-07-25 20:29:38.938] [exthost] [error] [ms-vscode.Go] provider FAILED
[2019-07-25 20:29:38.942] [exthost] [error] Error: name must not be falsy
	at Function.validate (/usr/share/code/resources/app/out/vs/workbench/services/extensions/node/extensionHostProcess.js:347:308)
	at new b (/usr/share/code/resources/app/out/vs/workbench/services/extensions/node/extensionHostProcess.js:347:257)
	at new b (/usr/share/code/resources/app/out/vs/workbench/services/extensions/node/extensionHostProcess.js:335:813)
	at forEach.decl (/home/thubelihle/.vscode/extensions/ms-vscode.go-0.11.4/out/src/goOutline.js:112:28)
	at Array.forEach (<anonymous>)
	at convertToCodeSymbols (/home/thubelihle/.vscode/extensions/ms-vscode.go-0.11.4/out/src/goOutline.js:91:19)
	at /home/thubelihle/.vscode/extensions/ms-vscode.go-0.11.4/out/src/goOutline.js:28:16
	at Generator.next (<anonymous>)
	at fulfilled (/home/thubelihle/.vscode/extensions/ms-vscode.go-0.11.4/out/src/goOutline.js:8:58)
[2019-07-25 20:29:40.112] [exthost] [error] [ms-vscode.Go] provider FAILED
[2019-07-25 20:29:40.112] [exthost] [error] Error: name must not be falsy
	at Function.validate (/usr/share/code/resources/app/out/vs/workbench/services/extensions/node/extensionHostProcess.js:347:308)
	at new b (/usr/share/code/resources/app/out/vs/workbench/services/extensions/node/extensionHostProcess.js:347:257)
	at new b (/usr/share/code/resources/app/out/vs/workbench/services/extensions/node/extensionHostProcess.js:335:813)
	at forEach.decl (/home/thubelihle/.vscode/extensions/ms-vscode.go-0.11.4/out/src/goOutline.js:112:28)
	at Array.forEach (<anonymous>)
	at convertToCodeSymbols (/home/thubelihle/.vscode/extensions/ms-vscode.go-0.11.4/out/src/goOutline.js:91:19)
	at /home/thubelihle/.vscode/extensions/ms-vscode.go-0.11.4/out/src/goOutline.js:28:16
	at Generator.next (<anonymous>)
	at fulfilled (/home/thubelihle/.vscode/extensions/ms-vscode.go-0.11.4/out/src/goOutline.js:8:58)
