[2019-07-25 20:29:38.945] [renderer1] [error] name must not be falsy: Error: name must not be falsy
	at Function.validate (/usr/share/code/resources/app/out/vs/workbench/services/extensions/node/extensionHostProcess.js:347:308)
	at new b (/usr/share/code/resources/app/out/vs/workbench/services/extensions/node/extensionHostProcess.js:347:257)
	at new b (/usr/share/code/resources/app/out/vs/workbench/services/extensions/node/extensionHostProcess.js:335:813)
	at forEach.decl (/home/thubelihle/.vscode/extensions/ms-vscode.go-0.11.4/out/src/goOutline.js:112:28)
	at Array.forEach (<anonymous>)
	at convertToCodeSymbols (/home/thubelihle/.vscode/extensions/ms-vscode.go-0.11.4/out/src/goOutline.js:91:19)
	at /home/thubelihle/.vscode/extensions/ms-vscode.go-0.11.4/out/src/goOutline.js:28:16
	at Generator.next (<anonymous>)
	at fulfilled (/home/thubelihle/.vscode/extensions/ms-vscode.go-0.11.4/out/src/goOutline.js:8:58)
[2019-07-25 20:29:40.115] [renderer1] [error] name must not be falsy: Error: name must not be falsy
	at Function.validate (/usr/share/code/resources/app/out/vs/workbench/services/extensions/node/extensionHostProcess.js:347:308)
	at new b (/usr/share/code/resources/app/out/vs/workbench/services/extensions/node/extensionHostProcess.js:347:257)
	at new b (/usr/share/code/resources/app/out/vs/workbench/services/extensions/node/extensionHostProcess.js:335:813)
	at forEach.decl (/home/thubelihle/.vscode/extensions/ms-vscode.go-0.11.4/out/src/goOutline.js:112:28)
	at Array.forEach (<anonymous>)
	at convertToCodeSymbols (/home/thubelihle/.vscode/extensions/ms-vscode.go-0.11.4/out/src/goOutline.js:91:19)
	at /home/thubelihle/.vscode/extensions/ms-vscode.go-0.11.4/out/src/goOutline.js:28:16
	at Generator.next (<anonymous>)
	at fulfilled (/home/thubelihle/.vscode/extensions/ms-vscode.go-0.11.4/out/src/goOutline.js:8:58)
