[2019-07-26 03:41:13.084] [renderer3] [error] Error: [File Watcher (node.js)] Error: ENOENT: no such file or directory, stat '/home/thubelihle/repos/go/src/github.com/sisimogangg/supermarket.products.api/.vscode'
[2019-07-26 03:41:13.085] [renderer3] [error] [File Watcher (node.js)] Error: ENOENT: no such file or directory, stat '/home/thubelihle/repos/go/src/github.com/sisimogangg/supermarket.products.api/.vscode'
[2019-07-26 03:42:20.165] [renderer3] [warning] null
[2019-07-26 03:44:12.881] [renderer3] [warning] null
[2019-07-26 03:47:04.675] [renderer3] [error] An unknown error occurred. Please consult the log for more details.
[2019-07-26 03:47:18.890] [renderer3] [error] name must not be falsy: Error: name must not be falsy
	at Function.validate (/usr/share/code/resources/app/out/vs/workbench/services/extensions/node/extensionHostProcess.js:347:308)
	at new b (/usr/share/code/resources/app/out/vs/workbench/services/extensions/node/extensionHostProcess.js:347:257)
	at new b (/usr/share/code/resources/app/out/vs/workbench/services/extensions/node/extensionHostProcess.js:335:813)
	at forEach.decl (/home/thubelihle/.vscode/extensions/ms-vscode.go-0.11.4/out/src/goOutline.js:112:28)
	at Array.forEach (<anonymous>)
	at convertToCodeSymbols (/home/thubelihle/.vscode/extensions/ms-vscode.go-0.11.4/out/src/goOutline.js:91:19)
	at /home/thubelihle/.vscode/extensions/ms-vscode.go-0.11.4/out/src/goOutline.js:28:16
	at Generator.next (<anonymous>)
	at fulfilled (/home/thubelihle/.vscode/extensions/ms-vscode.go-0.11.4/out/src/goOutline.js:8:58)
[2019-07-26 03:47:28.555] [renderer3] [error] name must not be falsy: Error: name must not be falsy
	at Function.validate (/usr/share/code/resources/app/out/vs/workbench/services/extensions/node/extensionHostProcess.js:347:308)
	at new b (/usr/share/code/resources/app/out/vs/workbench/services/extensions/node/extensionHostProcess.js:347:257)
	at new b (/usr/share/code/resources/app/out/vs/workbench/services/extensions/node/extensionHostProcess.js:335:813)
	at forEach.decl (/home/thubelihle/.vscode/extensions/ms-vscode.go-0.11.4/out/src/goOutline.js:112:28)
	at Array.forEach (<anonymous>)
	at convertToCodeSymbols (/home/thubelihle/.vscode/extensions/ms-vscode.go-0.11.4/out/src/goOutline.js:91:19)
	at /home/thubelihle/.vscode/extensions/ms-vscode.go-0.11.4/out/src/goOutline.js:28:16
	at Generator.next (<anonymous>)
	at fulfilled (/home/thubelihle/.vscode/extensions/ms-vscode.go-0.11.4/out/src/goOutline.js:8:58)
[2019-07-26 03:47:30.374] [renderer3] [error] name must not be falsy: Error: name must not be falsy
	at Function.validate (/usr/share/code/resources/app/out/vs/workbench/services/extensions/node/extensionHostProcess.js:347:308)
	at new b (/usr/share/code/resources/app/out/vs/workbench/services/extensions/node/extensionHostProcess.js:347:257)
	at new b (/usr/share/code/resources/app/out/vs/workbench/services/extensions/node/extensionHostProcess.js:335:813)
	at forEach.decl (/home/thubelihle/.vscode/extensions/ms-vscode.go-0.11.4/out/src/goOutline.js:112:28)
	at Array.forEach (<anonymous>)
	at convertToCodeSymbols (/home/thubelihle/.vscode/extensions/ms-vscode.go-0.11.4/out/src/goOutline.js:91:19)
	at /home/thubelihle/.vscode/extensions/ms-vscode.go-0.11.4/out/src/goOutline.js:28:16
	at Generator.next (<anonymous>)
	at fulfilled (/home/thubelihle/.vscode/extensions/ms-vscode.go-0.11.4/out/src/goOutline.js:8:58)
[2019-07-26 03:48:30.822] [renderer3] [error] name must not be falsy: Error: name must not be falsy
	at Function.validate (/usr/share/code/resources/app/out/vs/workbench/services/extensions/node/extensionHostProcess.js:347:308)
	at new b (/usr/share/code/resources/app/out/vs/workbench/services/extensions/node/extensionHostProcess.js:347:257)
	at new b (/usr/share/code/resources/app/out/vs/workbench/services/extensions/node/extensionHostProcess.js:335:813)
	at forEach.decl (/home/thubelihle/.vscode/extensions/ms-vscode.go-0.11.4/out/src/goOutline.js:112:28)
	at Array.forEach (<anonymous>)
	at convertToCodeSymbols (/home/thubelihle/.vscode/extensions/ms-vscode.go-0.11.4/out/src/goOutline.js:91:19)
	at /home/thubelihle/.vscode/extensions/ms-vscode.go-0.11.4/out/src/goOutline.js:28:16
	at Generator.next (<anonymous>)
	at fulfilled (/home/thubelihle/.vscode/extensions/ms-vscode.go-0.11.4/out/src/goOutline.js:8:58)
[2019-07-26 03:48:36.740] [renderer3] [error] name must not be falsy: Error: name must not be falsy
	at Function.validate (/usr/share/code/resources/app/out/vs/workbench/services/extensions/node/extensionHostProcess.js:347:308)
	at new b (/usr/share/code/resources/app/out/vs/workbench/services/extensions/node/extensionHostProcess.js:347:257)
	at new b (/usr/share/code/resources/app/out/vs/workbench/services/extensions/node/extensionHostProcess.js:335:813)
	at forEach.decl (/home/thubelihle/.vscode/extensions/ms-vscode.go-0.11.4/out/src/goOutline.js:112:28)
	at Array.forEach (<anonymous>)
	at convertToCodeSymbols (/home/thubelihle/.vscode/extensions/ms-vscode.go-0.11.4/out/src/goOutline.js:91:19)
	at /home/thubelihle/.vscode/extensions/ms-vscode.go-0.11.4/out/src/goOutline.js:28:16
	at Generator.next (<anonymous>)
	at fulfilled (/home/thubelihle/.vscode/extensions/ms-vscode.go-0.11.4/out/src/goOutline.js:8:58)
[2019-07-26 03:48:39.393] [renderer3] [error] name must not be falsy: Error: name must not be falsy
	at Function.validate (/usr/share/code/resources/app/out/vs/workbench/services/extensions/node/extensionHostProcess.js:347:308)
	at new b (/usr/share/code/resources/app/out/vs/workbench/services/extensions/node/extensionHostProcess.js:347:257)
	at new b (/usr/share/code/resources/app/out/vs/workbench/services/extensions/node/extensionHostProcess.js:335:813)
	at forEach.decl (/home/thubelihle/.vscode/extensions/ms-vscode.go-0.11.4/out/src/goOutline.js:112:28)
	at Array.forEach (<anonymous>)
	at convertToCodeSymbols (/home/thubelihle/.vscode/extensions/ms-vscode.go-0.11.4/out/src/goOutline.js:91:19)
	at /home/thubelihle/.vscode/extensions/ms-vscode.go-0.11.4/out/src/goOutline.js:28:16
	at Generator.next (<anonymous>)
	at fulfilled (/home/thubelihle/.vscode/extensions/ms-vscode.go-0.11.4/out/src/goOutline.js:8:58)
[2019-07-26 03:48:47.494] [renderer3] [warning] null
[2019-07-26 03:48:52.820] [renderer3] [error] name must not be falsy: Error: name must not be falsy
	at Function.validate (/usr/share/code/resources/app/out/vs/workbench/services/extensions/node/extensionHostProcess.js:347:308)
	at new b (/usr/share/code/resources/app/out/vs/workbench/services/extensions/node/extensionHostProcess.js:347:257)
	at new b (/usr/share/code/resources/app/out/vs/workbench/services/extensions/node/extensionHostProcess.js:335:813)
	at forEach.decl (/home/thubelihle/.vscode/extensions/ms-vscode.go-0.11.4/out/src/goOutline.js:112:28)
	at Array.forEach (<anonymous>)
	at convertToCodeSymbols (/home/thubelihle/.vscode/extensions/ms-vscode.go-0.11.4/out/src/goOutline.js:91:19)
	at /home/thubelihle/.vscode/extensions/ms-vscode.go-0.11.4/out/src/goOutline.js:28:16
	at Generator.next (<anonymous>)
	at fulfilled (/home/thubelihle/.vscode/extensions/ms-vscode.go-0.11.4/out/src/goOutline.js:8:58)
[2019-07-26 03:48:54.021] [renderer3] [error] name must not be falsy: Error: name must not be falsy
	at Function.validate (/usr/share/code/resources/app/out/vs/workbench/services/extensions/node/extensionHostProcess.js:347:308)
	at new b (/usr/share/code/resources/app/out/vs/workbench/services/extensions/node/extensionHostProcess.js:347:257)
	at new b (/usr/share/code/resources/app/out/vs/workbench/services/extensions/node/extensionHostProcess.js:335:813)
	at forEach.decl (/home/thubelihle/.vscode/extensions/ms-vscode.go-0.11.4/out/src/goOutline.js:112:28)
	at Array.forEach (<anonymous>)
	at convertToCodeSymbols (/home/thubelihle/.vscode/extensions/ms-vscode.go-0.11.4/out/src/goOutline.js:91:19)
	at /home/thubelihle/.vscode/extensions/ms-vscode.go-0.11.4/out/src/goOutline.js:28:16
	at Generator.next (<anonymous>)
	at fulfilled (/home/thubelihle/.vscode/extensions/ms-vscode.go-0.11.4/out/src/goOutline.js:8:58)
[2019-07-26 03:48:55.120] [renderer3] [error] name must not be falsy: Error: name must not be falsy
	at Function.validate (/usr/share/code/resources/app/out/vs/workbench/services/extensions/node/extensionHostProcess.js:347:308)
	at new b (/usr/share/code/resources/app/out/vs/workbench/services/extensions/node/extensionHostProcess.js:347:257)
	at new b (/usr/share/code/resources/app/out/vs/workbench/services/extensions/node/extensionHostProcess.js:335:813)
	at forEach.decl (/home/thubelihle/.vscode/extensions/ms-vscode.go-0.11.4/out/src/goOutline.js:112:28)
	at Array.forEach (<anonymous>)
	at convertToCodeSymbols (/home/thubelihle/.vscode/extensions/ms-vscode.go-0.11.4/out/src/goOutline.js:91:19)
	at /home/thubelihle/.vscode/extensions/ms-vscode.go-0.11.4/out/src/goOutline.js:28:16
	at Generator.next (<anonymous>)
	at fulfilled (/home/thubelihle/.vscode/extensions/ms-vscode.go-0.11.4/out/src/goOutline.js:8:58)
[2019-07-26 03:56:31.613] [renderer3] [error] An unknown error occurred. Please consult the log for more details.
[2019-07-26 03:59:02.294] [renderer3] [error] name must not be falsy: Error: name must not be falsy
	at Function.validate (/usr/share/code/resources/app/out/vs/workbench/services/extensions/node/extensionHostProcess.js:347:308)
	at new b (/usr/share/code/resources/app/out/vs/workbench/services/extensions/node/extensionHostProcess.js:347:257)
	at new b (/usr/share/code/resources/app/out/vs/workbench/services/extensions/node/extensionHostProcess.js:335:813)
	at forEach.decl (/home/thubelihle/.vscode/extensions/ms-vscode.go-0.11.4/out/src/goOutline.js:112:28)
	at Array.forEach (<anonymous>)
	at convertToCodeSymbols (/home/thubelihle/.vscode/extensions/ms-vscode.go-0.11.4/out/src/goOutline.js:91:19)
	at /home/thubelihle/.vscode/extensions/ms-vscode.go-0.11.4/out/src/goOutline.js:28:16
	at Generator.next (<anonymous>)
	at fulfilled (/home/thubelihle/.vscode/extensions/ms-vscode.go-0.11.4/out/src/goOutline.js:8:58)
[2019-07-26 03:59:43.927] [renderer3] [error] name must not be falsy: Error: name must not be falsy
	at Function.validate (/usr/share/code/resources/app/out/vs/workbench/services/extensions/node/extensionHostProcess.js:347:308)
	at new b (/usr/share/code/resources/app/out/vs/workbench/services/extensions/node/extensionHostProcess.js:347:257)
	at new b (/usr/share/code/resources/app/out/vs/workbench/services/extensions/node/extensionHostProcess.js:335:813)
	at forEach.decl (/home/thubelihle/.vscode/extensions/ms-vscode.go-0.11.4/out/src/goOutline.js:112:28)
	at Array.forEach (<anonymous>)
	at convertToCodeSymbols (/home/thubelihle/.vscode/extensions/ms-vscode.go-0.11.4/out/src/goOutline.js:91:19)
	at /home/thubelihle/.vscode/extensions/ms-vscode.go-0.11.4/out/src/goOutline.js:28:16
	at Generator.next (<anonymous>)
	at fulfilled (/home/thubelihle/.vscode/extensions/ms-vscode.go-0.11.4/out/src/goOutline.js:8:58)
[2019-07-26 03:59:48.175] [renderer3] [error] name must not be falsy: Error: name must not be falsy
	at Function.validate (/usr/share/code/resources/app/out/vs/workbench/services/extensions/node/extensionHostProcess.js:347:308)
	at new b (/usr/share/code/resources/app/out/vs/workbench/services/extensions/node/extensionHostProcess.js:347:257)
	at new b (/usr/share/code/resources/app/out/vs/workbench/services/extensions/node/extensionHostProcess.js:335:813)
	at forEach.decl (/home/thubelihle/.vscode/extensions/ms-vscode.go-0.11.4/out/src/goOutline.js:112:28)
	at Array.forEach (<anonymous>)
	at convertToCodeSymbols (/home/thubelihle/.vscode/extensions/ms-vscode.go-0.11.4/out/src/goOutline.js:91:19)
	at /home/thubelihle/.vscode/extensions/ms-vscode.go-0.11.4/out/src/goOutline.js:28:16
	at Generator.next (<anonymous>)
	at fulfilled (/home/thubelihle/.vscode/extensions/ms-vscode.go-0.11.4/out/src/goOutline.js:8:58)
[2019-07-26 03:59:51.205] [renderer3] [error] name must not be falsy: Error: name must not be falsy
	at Function.validate (/usr/share/code/resources/app/out/vs/workbench/services/extensions/node/extensionHostProcess.js:347:308)
	at new b (/usr/share/code/resources/app/out/vs/workbench/services/extensions/node/extensionHostProcess.js:347:257)
	at new b (/usr/share/code/resources/app/out/vs/workbench/services/extensions/node/extensionHostProcess.js:335:813)
	at forEach.decl (/home/thubelihle/.vscode/extensions/ms-vscode.go-0.11.4/out/src/goOutline.js:112:28)
	at Array.forEach (<anonymous>)
	at convertToCodeSymbols (/home/thubelihle/.vscode/extensions/ms-vscode.go-0.11.4/out/src/goOutline.js:91:19)
	at /home/thubelihle/.vscode/extensions/ms-vscode.go-0.11.4/out/src/goOutline.js:28:16
	at Generator.next (<anonymous>)
	at fulfilled (/home/thubelihle/.vscode/extensions/ms-vscode.go-0.11.4/out/src/goOutline.js:8:58)
[2019-07-26 04:00:01.416] [renderer3] [error] name must not be falsy: Error: name must not be falsy
	at Function.validate (/usr/share/code/resources/app/out/vs/workbench/services/extensions/node/extensionHostProcess.js:347:308)
	at new b (/usr/share/code/resources/app/out/vs/workbench/services/extensions/node/extensionHostProcess.js:347:257)
	at new b (/usr/share/code/resources/app/out/vs/workbench/services/extensions/node/extensionHostProcess.js:335:813)
	at forEach.decl (/home/thubelihle/.vscode/extensions/ms-vscode.go-0.11.4/out/src/goOutline.js:112:28)
	at Array.forEach (<anonymous>)
	at convertToCodeSymbols (/home/thubelihle/.vscode/extensions/ms-vscode.go-0.11.4/out/src/goOutline.js:91:19)
	at /home/thubelihle/.vscode/extensions/ms-vscode.go-0.11.4/out/src/goOutline.js:28:16
	at Generator.next (<anonymous>)
	at fulfilled (/home/thubelihle/.vscode/extensions/ms-vscode.go-0.11.4/out/src/goOutline.js:8:58)
[2019-07-26 04:00:02.459] [renderer3] [error] name must not be falsy: Error: name must not be falsy
	at Function.validate (/usr/share/code/resources/app/out/vs/workbench/services/extensions/node/extensionHostProcess.js:347:308)
	at new b (/usr/share/code/resources/app/out/vs/workbench/services/extensions/node/extensionHostProcess.js:347:257)
	at new b (/usr/share/code/resources/app/out/vs/workbench/services/extensions/node/extensionHostProcess.js:335:813)
	at forEach.decl (/home/thubelihle/.vscode/extensions/ms-vscode.go-0.11.4/out/src/goOutline.js:112:28)
	at Array.forEach (<anonymous>)
	at convertToCodeSymbols (/home/thubelihle/.vscode/extensions/ms-vscode.go-0.11.4/out/src/goOutline.js:91:19)
	at /home/thubelihle/.vscode/extensions/ms-vscode.go-0.11.4/out/src/goOutline.js:28:16
	at Generator.next (<anonymous>)
	at fulfilled (/home/thubelihle/.vscode/extensions/ms-vscode.go-0.11.4/out/src/goOutline.js:8:58)
[2019-07-26 04:00:03.740] [renderer3] [error] name must not be falsy: Error: name must not be falsy
	at Function.validate (/usr/share/code/resources/app/out/vs/workbench/services/extensions/node/extensionHostProcess.js:347:308)
	at new b (/usr/share/code/resources/app/out/vs/workbench/services/extensions/node/extensionHostProcess.js:347:257)
	at new b (/usr/share/code/resources/app/out/vs/workbench/services/extensions/node/extensionHostProcess.js:335:813)
	at forEach.decl (/home/thubelihle/.vscode/extensions/ms-vscode.go-0.11.4/out/src/goOutline.js:112:28)
	at Array.forEach (<anonymous>)
	at convertToCodeSymbols (/home/thubelihle/.vscode/extensions/ms-vscode.go-0.11.4/out/src/goOutline.js:91:19)
	at /home/thubelihle/.vscode/extensions/ms-vscode.go-0.11.4/out/src/goOutline.js:28:16
	at Generator.next (<anonymous>)
	at fulfilled (/home/thubelihle/.vscode/extensions/ms-vscode.go-0.11.4/out/src/goOutline.js:8:58)
[2019-07-26 04:00:19.742] [renderer3] [error] name must not be falsy: Error: name must not be falsy
	at Function.validate (/usr/share/code/resources/app/out/vs/workbench/services/extensions/node/extensionHostProcess.js:347:308)
	at new b (/usr/share/code/resources/app/out/vs/workbench/services/extensions/node/extensionHostProcess.js:347:257)
	at new b (/usr/share/code/resources/app/out/vs/workbench/services/extensions/node/extensionHostProcess.js:335:813)
	at forEach.decl (/home/thubelihle/.vscode/extensions/ms-vscode.go-0.11.4/out/src/goOutline.js:112:28)
	at Array.forEach (<anonymous>)
	at convertToCodeSymbols (/home/thubelihle/.vscode/extensions/ms-vscode.go-0.11.4/out/src/goOutline.js:91:19)
	at /home/thubelihle/.vscode/extensions/ms-vscode.go-0.11.4/out/src/goOutline.js:28:16
	at Generator.next (<anonymous>)
	at fulfilled (/home/thubelihle/.vscode/extensions/ms-vscode.go-0.11.4/out/src/goOutline.js:8:58)
[2019-07-26 04:27:57.945] [renderer3] [error] name must not be falsy: Error: name must not be falsy
	at Function.validate (/usr/share/code/resources/app/out/vs/workbench/services/extensions/node/extensionHostProcess.js:347:308)
	at new b (/usr/share/code/resources/app/out/vs/workbench/services/extensions/node/extensionHostProcess.js:347:257)
	at new b (/usr/share/code/resources/app/out/vs/workbench/services/extensions/node/extensionHostProcess.js:335:813)
	at forEach.decl (/home/thubelihle/.vscode/extensions/ms-vscode.go-0.11.4/out/src/goOutline.js:112:28)
	at Array.forEach (<anonymous>)
	at convertToCodeSymbols (/home/thubelihle/.vscode/extensions/ms-vscode.go-0.11.4/out/src/goOutline.js:91:19)
	at /home/thubelihle/.vscode/extensions/ms-vscode.go-0.11.4/out/src/goOutline.js:28:16
	at Generator.next (<anonymous>)
	at fulfilled (/home/thubelihle/.vscode/extensions/ms-vscode.go-0.11.4/out/src/goOutline.js:8:58)
[2019-07-26 04:54:17.076] [renderer3] [error] name must not be falsy: Error: name must not be falsy
	at Function.validate (/usr/share/code/resources/app/out/vs/workbench/services/extensions/node/extensionHostProcess.js:347:308)
	at new b (/usr/share/code/resources/app/out/vs/workbench/services/extensions/node/extensionHostProcess.js:347:257)
	at new b (/usr/share/code/resources/app/out/vs/workbench/services/extensions/node/extensionHostProcess.js:335:813)
	at forEach.decl (/home/thubelihle/.vscode/extensions/ms-vscode.go-0.11.4/out/src/goOutline.js:112:28)
	at Array.forEach (<anonymous>)
	at convertToCodeSymbols (/home/thubelihle/.vscode/extensions/ms-vscode.go-0.11.4/out/src/goOutline.js:91:19)
	at /home/thubelihle/.vscode/extensions/ms-vscode.go-0.11.4/out/src/goOutline.js:28:16
	at Generator.next (<anonymous>)
	at fulfilled (/home/thubelihle/.vscode/extensions/ms-vscode.go-0.11.4/out/src/goOutline.js:8:58)
[2019-07-26 04:54:20.597] [renderer3] [error] name must not be falsy: Error: name must not be falsy
	at Function.validate (/usr/share/code/resources/app/out/vs/workbench/services/extensions/node/extensionHostProcess.js:347:308)
	at new b (/usr/share/code/resources/app/out/vs/workbench/services/extensions/node/extensionHostProcess.js:347:257)
	at new b (/usr/share/code/resources/app/out/vs/workbench/services/extensions/node/extensionHostProcess.js:335:813)
	at forEach.decl (/home/thubelihle/.vscode/extensions/ms-vscode.go-0.11.4/out/src/goOutline.js:112:28)
	at Array.forEach (<anonymous>)
	at convertToCodeSymbols (/home/thubelihle/.vscode/extensions/ms-vscode.go-0.11.4/out/src/goOutline.js:91:19)
	at /home/thubelihle/.vscode/extensions/ms-vscode.go-0.11.4/out/src/goOutline.js:28:16
	at Generator.next (<anonymous>)
	at fulfilled (/home/thubelihle/.vscode/extensions/ms-vscode.go-0.11.4/out/src/goOutline.js:8:58)
[2019-07-26 04:54:35.240] [renderer3] [error] name must not be falsy: Error: name must not be falsy
	at Function.validate (/usr/share/code/resources/app/out/vs/workbench/services/extensions/node/extensionHostProcess.js:347:308)
	at new b (/usr/share/code/resources/app/out/vs/workbench/services/extensions/node/extensionHostProcess.js:347:257)
	at new b (/usr/share/code/resources/app/out/vs/workbench/services/extensions/node/extensionHostProcess.js:335:813)
	at forEach.decl (/home/thubelihle/.vscode/extensions/ms-vscode.go-0.11.4/out/src/goOutline.js:112:28)
	at Array.forEach (<anonymous>)
	at convertToCodeSymbols (/home/thubelihle/.vscode/extensions/ms-vscode.go-0.11.4/out/src/goOutline.js:91:19)
	at /home/thubelihle/.vscode/extensions/ms-vscode.go-0.11.4/out/src/goOutline.js:28:16
	at Generator.next (<anonymous>)
	at fulfilled (/home/thubelihle/.vscode/extensions/ms-vscode.go-0.11.4/out/src/goOutline.js:8:58)
[2019-07-26 04:54:43.169] [renderer3] [error] name must not be falsy: Error: name must not be falsy
	at Function.validate (/usr/share/code/resources/app/out/vs/workbench/services/extensions/node/extensionHostProcess.js:347:308)
	at new b (/usr/share/code/resources/app/out/vs/workbench/services/extensions/node/extensionHostProcess.js:347:257)
	at new b (/usr/share/code/resources/app/out/vs/workbench/services/extensions/node/extensionHostProcess.js:335:813)
	at forEach.decl (/home/thubelihle/.vscode/extensions/ms-vscode.go-0.11.4/out/src/goOutline.js:112:28)
	at Array.forEach (<anonymous>)
	at convertToCodeSymbols (/home/thubelihle/.vscode/extensions/ms-vscode.go-0.11.4/out/src/goOutline.js:91:19)
	at /home/thubelihle/.vscode/extensions/ms-vscode.go-0.11.4/out/src/goOutline.js:28:16
	at Generator.next (<anonymous>)
	at fulfilled (/home/thubelihle/.vscode/extensions/ms-vscode.go-0.11.4/out/src/goOutline.js:8:58)
[2019-07-26 04:54:57.152] [renderer3] [error] name must not be falsy: Error: name must not be falsy
	at Function.validate (/usr/share/code/resources/app/out/vs/workbench/services/extensions/node/extensionHostProcess.js:347:308)
	at new b (/usr/share/code/resources/app/out/vs/workbench/services/extensions/node/extensionHostProcess.js:347:257)
	at new b (/usr/share/code/resources/app/out/vs/workbench/services/extensions/node/extensionHostProcess.js:335:813)
	at forEach.decl (/home/thubelihle/.vscode/extensions/ms-vscode.go-0.11.4/out/src/goOutline.js:112:28)
	at Array.forEach (<anonymous>)
	at convertToCodeSymbols (/home/thubelihle/.vscode/extensions/ms-vscode.go-0.11.4/out/src/goOutline.js:91:19)
	at /home/thubelihle/.vscode/extensions/ms-vscode.go-0.11.4/out/src/goOutline.js:28:16
	at Generator.next (<anonymous>)
	at fulfilled (/home/thubelihle/.vscode/extensions/ms-vscode.go-0.11.4/out/src/goOutline.js:8:58)
[2019-07-26 04:55:15.671] [renderer3] [error] name must not be falsy: Error: name must not be falsy
	at Function.validate (/usr/share/code/resources/app/out/vs/workbench/services/extensions/node/extensionHostProcess.js:347:308)
	at new b (/usr/share/code/resources/app/out/vs/workbench/services/extensions/node/extensionHostProcess.js:347:257)
	at new b (/usr/share/code/resources/app/out/vs/workbench/services/extensions/node/extensionHostProcess.js:335:813)
	at forEach.decl (/home/thubelihle/.vscode/extensions/ms-vscode.go-0.11.4/out/src/goOutline.js:112:28)
	at Array.forEach (<anonymous>)
	at convertToCodeSymbols (/home/thubelihle/.vscode/extensions/ms-vscode.go-0.11.4/out/src/goOutline.js:91:19)
	at /home/thubelihle/.vscode/extensions/ms-vscode.go-0.11.4/out/src/goOutline.js:28:16
	at Generator.next (<anonymous>)
	at fulfilled (/home/thubelihle/.vscode/extensions/ms-vscode.go-0.11.4/out/src/goOutline.js:8:58)
[2019-07-26 04:55:24.670] [renderer3] [error] name must not be falsy: Error: name must not be falsy
	at Function.validate (/usr/share/code/resources/app/out/vs/workbench/services/extensions/node/extensionHostProcess.js:347:308)
	at new b (/usr/share/code/resources/app/out/vs/workbench/services/extensions/node/extensionHostProcess.js:347:257)
	at new b (/usr/share/code/resources/app/out/vs/workbench/services/extensions/node/extensionHostProcess.js:335:813)
	at forEach.decl (/home/thubelihle/.vscode/extensions/ms-vscode.go-0.11.4/out/src/goOutline.js:112:28)
	at Array.forEach (<anonymous>)
	at convertToCodeSymbols (/home/thubelihle/.vscode/extensions/ms-vscode.go-0.11.4/out/src/goOutline.js:91:19)
	at /home/thubelihle/.vscode/extensions/ms-vscode.go-0.11.4/out/src/goOutline.js:28:16
	at Generator.next (<anonymous>)
	at fulfilled (/home/thubelihle/.vscode/extensions/ms-vscode.go-0.11.4/out/src/goOutline.js:8:58)
[2019-07-26 04:55:52.929] [renderer3] [error] name must not be falsy: Error: name must not be falsy
	at Function.validate (/usr/share/code/resources/app/out/vs/workbench/services/extensions/node/extensionHostProcess.js:347:308)
	at new b (/usr/share/code/resources/app/out/vs/workbench/services/extensions/node/extensionHostProcess.js:347:257)
	at new b (/usr/share/code/resources/app/out/vs/workbench/services/extensions/node/extensionHostProcess.js:335:813)
	at forEach.decl (/home/thubelihle/.vscode/extensions/ms-vscode.go-0.11.4/out/src/goOutline.js:112:28)
	at Array.forEach (<anonymous>)
	at convertToCodeSymbols (/home/thubelihle/.vscode/extensions/ms-vscode.go-0.11.4/out/src/goOutline.js:91:19)
	at /home/thubelihle/.vscode/extensions/ms-vscode.go-0.11.4/out/src/goOutline.js:28:16
	at Generator.next (<anonymous>)
	at fulfilled (/home/thubelihle/.vscode/extensions/ms-vscode.go-0.11.4/out/src/goOutline.js:8:58)
[2019-07-26 05:01:10.740] [renderer3] [warning] null
[2019-07-26 05:01:29.339] [renderer3] [error] name must not be falsy: Error: name must not be falsy
	at Function.validate (/usr/share/code/resources/app/out/vs/workbench/services/extensions/node/extensionHostProcess.js:347:308)
	at new b (/usr/share/code/resources/app/out/vs/workbench/services/extensions/node/extensionHostProcess.js:347:257)
	at new b (/usr/share/code/resources/app/out/vs/workbench/services/extensions/node/extensionHostProcess.js:335:813)
	at forEach.decl (/home/thubelihle/.vscode/extensions/ms-vscode.go-0.11.4/out/src/goOutline.js:112:28)
	at Array.forEach (<anonymous>)
	at convertToCodeSymbols (/home/thubelihle/.vscode/extensions/ms-vscode.go-0.11.4/out/src/goOutline.js:91:19)
	at /home/thubelihle/.vscode/extensions/ms-vscode.go-0.11.4/out/src/goOutline.js:28:16
	at Generator.next (<anonymous>)
	at fulfilled (/home/thubelihle/.vscode/extensions/ms-vscode.go-0.11.4/out/src/goOutline.js:8:58)
[2019-07-26 05:01:48.554] [renderer3] [error] name must not be falsy: Error: name must not be falsy
	at Function.validate (/usr/share/code/resources/app/out/vs/workbench/services/extensions/node/extensionHostProcess.js:347:308)
	at new b (/usr/share/code/resources/app/out/vs/workbench/services/extensions/node/extensionHostProcess.js:347:257)
	at new b (/usr/share/code/resources/app/out/vs/workbench/services/extensions/node/extensionHostProcess.js:335:813)
	at forEach.decl (/home/thubelihle/.vscode/extensions/ms-vscode.go-0.11.4/out/src/goOutline.js:112:28)
	at Array.forEach (<anonymous>)
	at convertToCodeSymbols (/home/thubelihle/.vscode/extensions/ms-vscode.go-0.11.4/out/src/goOutline.js:91:19)
	at /home/thubelihle/.vscode/extensions/ms-vscode.go-0.11.4/out/src/goOutline.js:28:16
	at Generator.next (<anonymous>)
	at fulfilled (/home/thubelihle/.vscode/extensions/ms-vscode.go-0.11.4/out/src/goOutline.js:8:58)
[2019-07-26 05:01:57.888] [renderer3] [error] name must not be falsy: Error: name must not be falsy
	at Function.validate (/usr/share/code/resources/app/out/vs/workbench/services/extensions/node/extensionHostProcess.js:347:308)
	at new b (/usr/share/code/resources/app/out/vs/workbench/services/extensions/node/extensionHostProcess.js:347:257)
	at new b (/usr/share/code/resources/app/out/vs/workbench/services/extensions/node/extensionHostProcess.js:335:813)
	at forEach.decl (/home/thubelihle/.vscode/extensions/ms-vscode.go-0.11.4/out/src/goOutline.js:112:28)
	at Array.forEach (<anonymous>)
	at convertToCodeSymbols (/home/thubelihle/.vscode/extensions/ms-vscode.go-0.11.4/out/src/goOutline.js:91:19)
	at /home/thubelihle/.vscode/extensions/ms-vscode.go-0.11.4/out/src/goOutline.js:28:16
	at Generator.next (<anonymous>)
	at fulfilled (/home/thubelihle/.vscode/extensions/ms-vscode.go-0.11.4/out/src/goOutline.js:8:58)
[2019-07-26 05:02:05.601] [renderer3] [error] name must not be falsy: Error: name must not be falsy
	at Function.validate (/usr/share/code/resources/app/out/vs/workbench/services/extensions/node/extensionHostProcess.js:347:308)
	at new b (/usr/share/code/resources/app/out/vs/workbench/services/extensions/node/extensionHostProcess.js:347:257)
	at new b (/usr/share/code/resources/app/out/vs/workbench/services/extensions/node/extensionHostProcess.js:335:813)
	at forEach.decl (/home/thubelihle/.vscode/extensions/ms-vscode.go-0.11.4/out/src/goOutline.js:112:28)
	at Array.forEach (<anonymous>)
	at convertToCodeSymbols (/home/thubelihle/.vscode/extensions/ms-vscode.go-0.11.4/out/src/goOutline.js:91:19)
	at /home/thubelihle/.vscode/extensions/ms-vscode.go-0.11.4/out/src/goOutline.js:28:16
	at Generator.next (<anonymous>)
	at fulfilled (/home/thubelihle/.vscode/extensions/ms-vscode.go-0.11.4/out/src/goOutline.js:8:58)
[2019-07-26 05:15:15.837] [renderer3] [warning] null
[2019-07-26 05:15:27.210] [renderer3] [error] An unknown error occurred. Please consult the log for more details.
[2019-07-26 05:15:27.295] [renderer3] [warning] null
[2019-07-26 05:17:55.631] [renderer3] [error] An unknown error occurred. Please consult the log for more details.
[2019-07-26 05:18:02.426] [renderer3] [error] name must not be falsy: Error: name must not be falsy
	at Function.validate (/usr/share/code/resources/app/out/vs/workbench/services/extensions/node/extensionHostProcess.js:347:308)
	at new b (/usr/share/code/resources/app/out/vs/workbench/services/extensions/node/extensionHostProcess.js:347:257)
	at new b (/usr/share/code/resources/app/out/vs/workbench/services/extensions/node/extensionHostProcess.js:335:813)
	at forEach.decl (/home/thubelihle/.vscode/extensions/ms-vscode.go-0.11.4/out/src/goOutline.js:112:28)
	at Array.forEach (<anonymous>)
	at convertToCodeSymbols (/home/thubelihle/.vscode/extensions/ms-vscode.go-0.11.4/out/src/goOutline.js:91:19)
	at /home/thubelihle/.vscode/extensions/ms-vscode.go-0.11.4/out/src/goOutline.js:28:16
	at Generator.next (<anonymous>)
	at fulfilled (/home/thubelihle/.vscode/extensions/ms-vscode.go-0.11.4/out/src/goOutline.js:8:58)
[2019-07-26 05:18:03.573] [renderer3] [error] name must not be falsy: Error: name must not be falsy
	at Function.validate (/usr/share/code/resources/app/out/vs/workbench/services/extensions/node/extensionHostProcess.js:347:308)
	at new b (/usr/share/code/resources/app/out/vs/workbench/services/extensions/node/extensionHostProcess.js:347:257)
	at new b (/usr/share/code/resources/app/out/vs/workbench/services/extensions/node/extensionHostProcess.js:335:813)
	at forEach.decl (/home/thubelihle/.vscode/extensions/ms-vscode.go-0.11.4/out/src/goOutline.js:112:28)
	at Array.forEach (<anonymous>)
	at convertToCodeSymbols (/home/thubelihle/.vscode/extensions/ms-vscode.go-0.11.4/out/src/goOutline.js:91:19)
	at /home/thubelihle/.vscode/extensions/ms-vscode.go-0.11.4/out/src/goOutline.js:28:16
	at Generator.next (<anonymous>)
	at fulfilled (/home/thubelihle/.vscode/extensions/ms-vscode.go-0.11.4/out/src/goOutline.js:8:58)
[2019-07-26 05:18:05.103] [renderer3] [error] name must not be falsy: Error: name must not be falsy
	at Function.validate (/usr/share/code/resources/app/out/vs/workbench/services/extensions/node/extensionHostProcess.js:347:308)
	at new b (/usr/share/code/resources/app/out/vs/workbench/services/extensions/node/extensionHostProcess.js:347:257)
	at new b (/usr/share/code/resources/app/out/vs/workbench/services/extensions/node/extensionHostProcess.js:335:813)
	at forEach.decl (/home/thubelihle/.vscode/extensions/ms-vscode.go-0.11.4/out/src/goOutline.js:112:28)
	at Array.forEach (<anonymous>)
	at convertToCodeSymbols (/home/thubelihle/.vscode/extensions/ms-vscode.go-0.11.4/out/src/goOutline.js:91:19)
	at /home/thubelihle/.vscode/extensions/ms-vscode.go-0.11.4/out/src/goOutline.js:28:16
	at Generator.next (<anonymous>)
	at fulfilled (/home/thubelihle/.vscode/extensions/ms-vscode.go-0.11.4/out/src/goOutline.js:8:58)
[2019-07-26 05:18:09.176] [renderer3] [error] name must not be falsy: Error: name must not be falsy
	at Function.validate (/usr/share/code/resources/app/out/vs/workbench/services/extensions/node/extensionHostProcess.js:347:308)
	at new b (/usr/share/code/resources/app/out/vs/workbench/services/extensions/node/extensionHostProcess.js:347:257)
	at new b (/usr/share/code/resources/app/out/vs/workbench/services/extensions/node/extensionHostProcess.js:335:813)
	at forEach.decl (/home/thubelihle/.vscode/extensions/ms-vscode.go-0.11.4/out/src/goOutline.js:112:28)
	at Array.forEach (<anonymous>)
	at convertToCodeSymbols (/home/thubelihle/.vscode/extensions/ms-vscode.go-0.11.4/out/src/goOutline.js:91:19)
	at /home/thubelihle/.vscode/extensions/ms-vscode.go-0.11.4/out/src/goOutline.js:28:16
	at Generator.next (<anonymous>)
	at fulfilled (/home/thubelihle/.vscode/extensions/ms-vscode.go-0.11.4/out/src/goOutline.js:8:58)
[2019-07-26 05:18:09.926] [renderer3] [error] Tree input not set: Error: Tree input not set
    at Y.updateChildren (file:///usr/share/code/resources/app/out/vs/workbench/workbench.main.js:957:849)
    at e.<anonymous> (file:///usr/share/code/resources/app/out/vs/workbench/workbench.main.js:4878:509)
    at Generator.next (<anonymous>)
    at r (file:///usr/share/code/resources/app/out/vs/workbench/workbench.main.js:35:293)
[2019-07-26 05:18:14.419] [renderer3] [error] name must not be falsy: Error: name must not be falsy
	at Function.validate (/usr/share/code/resources/app/out/vs/workbench/services/extensions/node/extensionHostProcess.js:347:308)
	at new b (/usr/share/code/resources/app/out/vs/workbench/services/extensions/node/extensionHostProcess.js:347:257)
	at new b (/usr/share/code/resources/app/out/vs/workbench/services/extensions/node/extensionHostProcess.js:335:813)
	at forEach.decl (/home/thubelihle/.vscode/extensions/ms-vscode.go-0.11.4/out/src/goOutline.js:112:28)
	at Array.forEach (<anonymous>)
	at convertToCodeSymbols (/home/thubelihle/.vscode/extensions/ms-vscode.go-0.11.4/out/src/goOutline.js:91:19)
	at /home/thubelihle/.vscode/extensions/ms-vscode.go-0.11.4/out/src/goOutline.js:28:16
	at Generator.next (<anonymous>)
	at fulfilled (/home/thubelihle/.vscode/extensions/ms-vscode.go-0.11.4/out/src/goOutline.js:8:58)
[2019-07-26 05:18:16.243] [renderer3] [error] name must not be falsy: Error: name must not be falsy
	at Function.validate (/usr/share/code/resources/app/out/vs/workbench/services/extensions/node/extensionHostProcess.js:347:308)
	at new b (/usr/share/code/resources/app/out/vs/workbench/services/extensions/node/extensionHostProcess.js:347:257)
	at new b (/usr/share/code/resources/app/out/vs/workbench/services/extensions/node/extensionHostProcess.js:335:813)
	at forEach.decl (/home/thubelihle/.vscode/extensions/ms-vscode.go-0.11.4/out/src/goOutline.js:112:28)
	at Array.forEach (<anonymous>)
	at convertToCodeSymbols (/home/thubelihle/.vscode/extensions/ms-vscode.go-0.11.4/out/src/goOutline.js:91:19)
	at /home/thubelihle/.vscode/extensions/ms-vscode.go-0.11.4/out/src/goOutline.js:28:16
	at Generator.next (<anonymous>)
	at fulfilled (/home/thubelihle/.vscode/extensions/ms-vscode.go-0.11.4/out/src/goOutline.js:8:58)
[2019-07-26 05:18:28.334] [renderer3] [error] name must not be falsy: Error: name must not be falsy
	at Function.validate (/usr/share/code/resources/app/out/vs/workbench/services/extensions/node/extensionHostProcess.js:347:308)
	at new b (/usr/share/code/resources/app/out/vs/workbench/services/extensions/node/extensionHostProcess.js:347:257)
	at new b (/usr/share/code/resources/app/out/vs/workbench/services/extensions/node/extensionHostProcess.js:335:813)
	at forEach.decl (/home/thubelihle/.vscode/extensions/ms-vscode.go-0.11.4/out/src/goOutline.js:112:28)
	at Array.forEach (<anonymous>)
	at convertToCodeSymbols (/home/thubelihle/.vscode/extensions/ms-vscode.go-0.11.4/out/src/goOutline.js:91:19)
	at /home/thubelihle/.vscode/extensions/ms-vscode.go-0.11.4/out/src/goOutline.js:28:16
	at Generator.next (<anonymous>)
	at fulfilled (/home/thubelihle/.vscode/extensions/ms-vscode.go-0.11.4/out/src/goOutline.js:8:58)
[2019-07-26 05:19:19.830] [renderer3] [error] An unknown error occurred. Please consult the log for more details.
[2019-07-26 05:21:34.240] [renderer3] [error] An unknown error occurred. Please consult the log for more details.
[2019-07-26 05:25:27.148] [renderer3] [warning] null
[2019-07-26 05:25:49.666] [renderer3] [error] name must not be falsy: Error: name must not be falsy
	at Function.validate (/usr/share/code/resources/app/out/vs/workbench/services/extensions/node/extensionHostProcess.js:347:308)
	at new b (/usr/share/code/resources/app/out/vs/workbench/services/extensions/node/extensionHostProcess.js:347:257)
	at new b (/usr/share/code/resources/app/out/vs/workbench/services/extensions/node/extensionHostProcess.js:335:813)
	at forEach.decl (/home/thubelihle/.vscode/extensions/ms-vscode.go-0.11.4/out/src/goOutline.js:112:28)
	at Array.forEach (<anonymous>)
	at convertToCodeSymbols (/home/thubelihle/.vscode/extensions/ms-vscode.go-0.11.4/out/src/goOutline.js:91:19)
	at /home/thubelihle/.vscode/extensions/ms-vscode.go-0.11.4/out/src/goOutline.js:28:16
	at Generator.next (<anonymous>)
	at fulfilled (/home/thubelihle/.vscode/extensions/ms-vscode.go-0.11.4/out/src/goOutline.js:8:58)
[2019-07-26 05:25:52.221] [renderer3] [error] name must not be falsy: Error: name must not be falsy
	at Function.validate (/usr/share/code/resources/app/out/vs/workbench/services/extensions/node/extensionHostProcess.js:347:308)
	at new b (/usr/share/code/resources/app/out/vs/workbench/services/extensions/node/extensionHostProcess.js:347:257)
	at new b (/usr/share/code/resources/app/out/vs/workbench/services/extensions/node/extensionHostProcess.js:335:813)
	at forEach.decl (/home/thubelihle/.vscode/extensions/ms-vscode.go-0.11.4/out/src/goOutline.js:112:28)
	at Array.forEach (<anonymous>)
	at convertToCodeSymbols (/home/thubelihle/.vscode/extensions/ms-vscode.go-0.11.4/out/src/goOutline.js:91:19)
	at /home/thubelihle/.vscode/extensions/ms-vscode.go-0.11.4/out/src/goOutline.js:28:16
	at Generator.next (<anonymous>)
	at fulfilled (/home/thubelihle/.vscode/extensions/ms-vscode.go-0.11.4/out/src/goOutline.js:8:58)
[2019-07-26 05:25:53.702] [renderer3] [error] name must not be falsy: Error: name must not be falsy
	at Function.validate (/usr/share/code/resources/app/out/vs/workbench/services/extensions/node/extensionHostProcess.js:347:308)
	at new b (/usr/share/code/resources/app/out/vs/workbench/services/extensions/node/extensionHostProcess.js:347:257)
	at new b (/usr/share/code/resources/app/out/vs/workbench/services/extensions/node/extensionHostProcess.js:335:813)
	at forEach.decl (/home/thubelihle/.vscode/extensions/ms-vscode.go-0.11.4/out/src/goOutline.js:112:28)
	at Array.forEach (<anonymous>)
	at convertToCodeSymbols (/home/thubelihle/.vscode/extensions/ms-vscode.go-0.11.4/out/src/goOutline.js:91:19)
	at /home/thubelihle/.vscode/extensions/ms-vscode.go-0.11.4/out/src/goOutline.js:28:16
	at Generator.next (<anonymous>)
	at fulfilled (/home/thubelihle/.vscode/extensions/ms-vscode.go-0.11.4/out/src/goOutline.js:8:58)
[2019-07-26 05:25:55.326] [renderer3] [error] name must not be falsy: Error: name must not be falsy
	at Function.validate (/usr/share/code/resources/app/out/vs/workbench/services/extensions/node/extensionHostProcess.js:347:308)
	at new b (/usr/share/code/resources/app/out/vs/workbench/services/extensions/node/extensionHostProcess.js:347:257)
	at new b (/usr/share/code/resources/app/out/vs/workbench/services/extensions/node/extensionHostProcess.js:335:813)
	at forEach.decl (/home/thubelihle/.vscode/extensions/ms-vscode.go-0.11.4/out/src/goOutline.js:112:28)
	at Array.forEach (<anonymous>)
	at convertToCodeSymbols (/home/thubelihle/.vscode/extensions/ms-vscode.go-0.11.4/out/src/goOutline.js:91:19)
	at /home/thubelihle/.vscode/extensions/ms-vscode.go-0.11.4/out/src/goOutline.js:28:16
	at Generator.next (<anonymous>)
	at fulfilled (/home/thubelihle/.vscode/extensions/ms-vscode.go-0.11.4/out/src/goOutline.js:8:58)
[2019-07-26 05:25:56.657] [renderer3] [error] name must not be falsy: Error: name must not be falsy
	at Function.validate (/usr/share/code/resources/app/out/vs/workbench/services/extensions/node/extensionHostProcess.js:347:308)
	at new b (/usr/share/code/resources/app/out/vs/workbench/services/extensions/node/extensionHostProcess.js:347:257)
	at new b (/usr/share/code/resources/app/out/vs/workbench/services/extensions/node/extensionHostProcess.js:335:813)
	at forEach.decl (/home/thubelihle/.vscode/extensions/ms-vscode.go-0.11.4/out/src/goOutline.js:112:28)
	at Array.forEach (<anonymous>)
	at convertToCodeSymbols (/home/thubelihle/.vscode/extensions/ms-vscode.go-0.11.4/out/src/goOutline.js:91:19)
	at /home/thubelihle/.vscode/extensions/ms-vscode.go-0.11.4/out/src/goOutline.js:28:16
	at Generator.next (<anonymous>)
	at fulfilled (/home/thubelihle/.vscode/extensions/ms-vscode.go-0.11.4/out/src/goOutline.js:8:58)
[2019-07-26 05:25:59.038] [renderer3] [error] name must not be falsy: Error: name must not be falsy
	at Function.validate (/usr/share/code/resources/app/out/vs/workbench/services/extensions/node/extensionHostProcess.js:347:308)
	at new b (/usr/share/code/resources/app/out/vs/workbench/services/extensions/node/extensionHostProcess.js:347:257)
	at new b (/usr/share/code/resources/app/out/vs/workbench/services/extensions/node/extensionHostProcess.js:335:813)
	at forEach.decl (/home/thubelihle/.vscode/extensions/ms-vscode.go-0.11.4/out/src/goOutline.js:112:28)
	at Array.forEach (<anonymous>)
	at convertToCodeSymbols (/home/thubelihle/.vscode/extensions/ms-vscode.go-0.11.4/out/src/goOutline.js:91:19)
	at /home/thubelihle/.vscode/extensions/ms-vscode.go-0.11.4/out/src/goOutline.js:28:16
	at Generator.next (<anonymous>)
	at fulfilled (/home/thubelihle/.vscode/extensions/ms-vscode.go-0.11.4/out/src/goOutline.js:8:58)
[2019-07-26 05:26:00.114] [renderer3] [error] name must not be falsy: Error: name must not be falsy
	at Function.validate (/usr/share/code/resources/app/out/vs/workbench/services/extensions/node/extensionHostProcess.js:347:308)
	at new b (/usr/share/code/resources/app/out/vs/workbench/services/extensions/node/extensionHostProcess.js:347:257)
	at new b (/usr/share/code/resources/app/out/vs/workbench/services/extensions/node/extensionHostProcess.js:335:813)
	at forEach.decl (/home/thubelihle/.vscode/extensions/ms-vscode.go-0.11.4/out/src/goOutline.js:112:28)
	at Array.forEach (<anonymous>)
	at convertToCodeSymbols (/home/thubelihle/.vscode/extensions/ms-vscode.go-0.11.4/out/src/goOutline.js:91:19)
	at /home/thubelihle/.vscode/extensions/ms-vscode.go-0.11.4/out/src/goOutline.js:28:16
	at Generator.next (<anonymous>)
	at fulfilled (/home/thubelihle/.vscode/extensions/ms-vscode.go-0.11.4/out/src/goOutline.js:8:58)
[2019-07-26 05:26:04.351] [renderer3] [error] name must not be falsy: Error: name must not be falsy
	at Function.validate (/usr/share/code/resources/app/out/vs/workbench/services/extensions/node/extensionHostProcess.js:347:308)
	at new b (/usr/share/code/resources/app/out/vs/workbench/services/extensions/node/extensionHostProcess.js:347:257)
	at new b (/usr/share/code/resources/app/out/vs/workbench/services/extensions/node/extensionHostProcess.js:335:813)
	at forEach.decl (/home/thubelihle/.vscode/extensions/ms-vscode.go-0.11.4/out/src/goOutline.js:112:28)
	at Array.forEach (<anonymous>)
	at convertToCodeSymbols (/home/thubelihle/.vscode/extensions/ms-vscode.go-0.11.4/out/src/goOutline.js:91:19)
	at /home/thubelihle/.vscode/extensions/ms-vscode.go-0.11.4/out/src/goOutline.js:28:16
	at Generator.next (<anonymous>)
	at fulfilled (/home/thubelihle/.vscode/extensions/ms-vscode.go-0.11.4/out/src/goOutline.js:8:58)
[2019-07-26 05:26:19.010] [renderer3] [error] name must not be falsy: Error: name must not be falsy
	at Function.validate (/usr/share/code/resources/app/out/vs/workbench/services/extensions/node/extensionHostProcess.js:347:308)
	at new b (/usr/share/code/resources/app/out/vs/workbench/services/extensions/node/extensionHostProcess.js:347:257)
	at new b (/usr/share/code/resources/app/out/vs/workbench/services/extensions/node/extensionHostProcess.js:335:813)
	at forEach.decl (/home/thubelihle/.vscode/extensions/ms-vscode.go-0.11.4/out/src/goOutline.js:112:28)
	at Array.forEach (<anonymous>)
	at convertToCodeSymbols (/home/thubelihle/.vscode/extensions/ms-vscode.go-0.11.4/out/src/goOutline.js:91:19)
	at /home/thubelihle/.vscode/extensions/ms-vscode.go-0.11.4/out/src/goOutline.js:28:16
	at Generator.next (<anonymous>)
	at fulfilled (/home/thubelihle/.vscode/extensions/ms-vscode.go-0.11.4/out/src/goOutline.js:8:58)
[2019-07-26 05:34:44.696] [renderer3] [error] name must not be falsy: Error: name must not be falsy
	at Function.validate (/usr/share/code/resources/app/out/vs/workbench/services/extensions/node/extensionHostProcess.js:347:308)
	at new b (/usr/share/code/resources/app/out/vs/workbench/services/extensions/node/extensionHostProcess.js:347:257)
	at new b (/usr/share/code/resources/app/out/vs/workbench/services/extensions/node/extensionHostProcess.js:335:813)
	at forEach.decl (/home/thubelihle/.vscode/extensions/ms-vscode.go-0.11.4/out/src/goOutline.js:112:28)
	at Array.forEach (<anonymous>)
	at convertToCodeSymbols (/home/thubelihle/.vscode/extensions/ms-vscode.go-0.11.4/out/src/goOutline.js:91:19)
	at /home/thubelihle/.vscode/extensions/ms-vscode.go-0.11.4/out/src/goOutline.js:28:16
	at Generator.next (<anonymous>)
	at fulfilled (/home/thubelihle/.vscode/extensions/ms-vscode.go-0.11.4/out/src/goOutline.js:8:58)
[2019-07-26 05:34:56.908] [renderer3] [error] name must not be falsy: Error: name must not be falsy
	at Function.validate (/usr/share/code/resources/app/out/vs/workbench/services/extensions/node/extensionHostProcess.js:347:308)
	at new b (/usr/share/code/resources/app/out/vs/workbench/services/extensions/node/extensionHostProcess.js:347:257)
	at new b (/usr/share/code/resources/app/out/vs/workbench/services/extensions/node/extensionHostProcess.js:335:813)
	at forEach.decl (/home/thubelihle/.vscode/extensions/ms-vscode.go-0.11.4/out/src/goOutline.js:112:28)
	at Array.forEach (<anonymous>)
	at convertToCodeSymbols (/home/thubelihle/.vscode/extensions/ms-vscode.go-0.11.4/out/src/goOutline.js:91:19)
	at /home/thubelihle/.vscode/extensions/ms-vscode.go-0.11.4/out/src/goOutline.js:28:16
	at Generator.next (<anonymous>)
	at fulfilled (/home/thubelihle/.vscode/extensions/ms-vscode.go-0.11.4/out/src/goOutline.js:8:58)
[2019-07-26 07:12:35.059] [renderer3] [warning] null
[2019-07-26 07:50:51.375] [renderer3] [error] An unknown error occurred. Please consult the log for more details.
[2019-07-26 07:51:41.976] [renderer3] [error] name must not be falsy: Error: name must not be falsy
	at Function.validate (/usr/share/code/resources/app/out/vs/workbench/services/extensions/node/extensionHostProcess.js:347:308)
	at new b (/usr/share/code/resources/app/out/vs/workbench/services/extensions/node/extensionHostProcess.js:347:257)
	at new b (/usr/share/code/resources/app/out/vs/workbench/services/extensions/node/extensionHostProcess.js:335:813)
	at forEach.decl (/home/thubelihle/.vscode/extensions/ms-vscode.go-0.11.4/out/src/goOutline.js:112:28)
	at Array.forEach (<anonymous>)
	at convertToCodeSymbols (/home/thubelihle/.vscode/extensions/ms-vscode.go-0.11.4/out/src/goOutline.js:91:19)
	at /home/thubelihle/.vscode/extensions/ms-vscode.go-0.11.4/out/src/goOutline.js:28:16
	at Generator.next (<anonymous>)
	at fulfilled (/home/thubelihle/.vscode/extensions/ms-vscode.go-0.11.4/out/src/goOutline.js:8:58)
[2019-07-26 07:51:44.750] [renderer3] [error] name must not be falsy: Error: name must not be falsy
	at Function.validate (/usr/share/code/resources/app/out/vs/workbench/services/extensions/node/extensionHostProcess.js:347:308)
	at new b (/usr/share/code/resources/app/out/vs/workbench/services/extensions/node/extensionHostProcess.js:347:257)
	at new b (/usr/share/code/resources/app/out/vs/workbench/services/extensions/node/extensionHostProcess.js:335:813)
	at forEach.decl (/home/thubelihle/.vscode/extensions/ms-vscode.go-0.11.4/out/src/goOutline.js:112:28)
	at Array.forEach (<anonymous>)
	at convertToCodeSymbols (/home/thubelihle/.vscode/extensions/ms-vscode.go-0.11.4/out/src/goOutline.js:91:19)
	at /home/thubelihle/.vscode/extensions/ms-vscode.go-0.11.4/out/src/goOutline.js:28:16
	at Generator.next (<anonymous>)
	at fulfilled (/home/thubelihle/.vscode/extensions/ms-vscode.go-0.11.4/out/src/goOutline.js:8:58)
[2019-07-26 07:53:36.348] [renderer3] [error] name must not be falsy: Error: name must not be falsy
	at Function.validate (/usr/share/code/resources/app/out/vs/workbench/services/extensions/node/extensionHostProcess.js:347:308)
	at new b (/usr/share/code/resources/app/out/vs/workbench/services/extensions/node/extensionHostProcess.js:347:257)
	at new b (/usr/share/code/resources/app/out/vs/workbench/services/extensions/node/extensionHostProcess.js:335:813)
	at forEach.decl (/home/thubelihle/.vscode/extensions/ms-vscode.go-0.11.4/out/src/goOutline.js:112:28)
	at Array.forEach (<anonymous>)
	at convertToCodeSymbols (/home/thubelihle/.vscode/extensions/ms-vscode.go-0.11.4/out/src/goOutline.js:91:19)
	at /home/thubelihle/.vscode/extensions/ms-vscode.go-0.11.4/out/src/goOutline.js:28:16
	at Generator.next (<anonymous>)
	at fulfilled (/home/thubelihle/.vscode/extensions/ms-vscode.go-0.11.4/out/src/goOutline.js:8:58)
[2019-07-26 08:29:59.261] [renderer3] [error] name must not be falsy: Error: name must not be falsy
	at Function.validate (/usr/share/code/resources/app/out/vs/workbench/services/extensions/node/extensionHostProcess.js:347:308)
	at new b (/usr/share/code/resources/app/out/vs/workbench/services/extensions/node/extensionHostProcess.js:347:257)
	at new b (/usr/share/code/resources/app/out/vs/workbench/services/extensions/node/extensionHostProcess.js:335:813)
	at forEach.decl (/home/thubelihle/.vscode/extensions/ms-vscode.go-0.11.4/out/src/goOutline.js:112:28)
	at Array.forEach (<anonymous>)
	at convertToCodeSymbols (/home/thubelihle/.vscode/extensions/ms-vscode.go-0.11.4/out/src/goOutline.js:91:19)
	at /home/thubelihle/.vscode/extensions/ms-vscode.go-0.11.4/out/src/goOutline.js:28:16
	at Generator.next (<anonymous>)
	at fulfilled (/home/thubelihle/.vscode/extensions/ms-vscode.go-0.11.4/out/src/goOutline.js:8:58)
[2019-07-26 08:30:24.933] [renderer3] [error] name must not be falsy: Error: name must not be falsy
	at Function.validate (/usr/share/code/resources/app/out/vs/workbench/services/extensions/node/extensionHostProcess.js:347:308)
	at new b (/usr/share/code/resources/app/out/vs/workbench/services/extensions/node/extensionHostProcess.js:347:257)
	at new b (/usr/share/code/resources/app/out/vs/workbench/services/extensions/node/extensionHostProcess.js:335:813)
	at forEach.decl (/home/thubelihle/.vscode/extensions/ms-vscode.go-0.11.4/out/src/goOutline.js:112:28)
	at Array.forEach (<anonymous>)
	at convertToCodeSymbols (/home/thubelihle/.vscode/extensions/ms-vscode.go-0.11.4/out/src/goOutline.js:91:19)
	at /home/thubelihle/.vscode/extensions/ms-vscode.go-0.11.4/out/src/goOutline.js:28:16
	at Generator.next (<anonymous>)
	at fulfilled (/home/thubelihle/.vscode/extensions/ms-vscode.go-0.11.4/out/src/goOutline.js:8:58)
[2019-07-26 08:30:45.195] [renderer3] [error] name must not be falsy: Error: name must not be falsy
	at Function.validate (/usr/share/code/resources/app/out/vs/workbench/services/extensions/node/extensionHostProcess.js:347:308)
	at new b (/usr/share/code/resources/app/out/vs/workbench/services/extensions/node/extensionHostProcess.js:347:257)
	at new b (/usr/share/code/resources/app/out/vs/workbench/services/extensions/node/extensionHostProcess.js:335:813)
	at forEach.decl (/home/thubelihle/.vscode/extensions/ms-vscode.go-0.11.4/out/src/goOutline.js:112:28)
	at Array.forEach (<anonymous>)
	at convertToCodeSymbols (/home/thubelihle/.vscode/extensions/ms-vscode.go-0.11.4/out/src/goOutline.js:91:19)
	at /home/thubelihle/.vscode/extensions/ms-vscode.go-0.11.4/out/src/goOutline.js:28:16
	at Generator.next (<anonymous>)
	at fulfilled (/home/thubelihle/.vscode/extensions/ms-vscode.go-0.11.4/out/src/goOutline.js:8:58)
