[2019-07-26 03:41:03.990] [exthost] [info] extension host started
[2019-07-26 03:41:04.136] [exthost] [info] ExtensionService#_doActivateExtension vscode.debug-auto-launch {"startup":true,"activationEvent":"*"}
[2019-07-26 03:41:04.136] [exthost] [info] ExtensionService#loadCommonJSModule /usr/share/code/resources/app/extensions/debug-auto-launch/dist/extension
[2019-07-26 03:41:04.142] [exthost] [info] ExtensionService#_doActivateExtension vscode.emmet {"startup":true,"activationEvent":"*"}
[2019-07-26 03:41:04.142] [exthost] [info] ExtensionService#loadCommonJSModule /usr/share/code/resources/app/extensions/emmet/dist/extension
[2019-07-26 03:41:04.162] [exthost] [info] ExtensionService#_doActivateExtension vscode.git {"startup":true,"activationEvent":"*"}
[2019-07-26 03:41:04.162] [exthost] [info] ExtensionService#loadCommonJSModule /usr/share/code/resources/app/extensions/git/dist/main
[2019-07-26 03:41:04.289] [exthost] [info] ExtensionService#_doActivateExtension vscode.merge-conflict {"startup":true,"activationEvent":"*"}
[2019-07-26 03:41:04.289] [exthost] [info] ExtensionService#loadCommonJSModule /usr/share/code/resources/app/extensions/merge-conflict/dist/extension
[2019-07-26 03:41:04.295] [exthost] [info] ExtensionService#_doActivateExtension odubuc.mysql-inline-decorator {"startup":true,"activationEvent":"*"}
[2019-07-26 03:41:04.296] [exthost] [info] ExtensionService#loadCommonJSModule /home/thubelihle/.vscode/extensions/odubuc.mysql-inline-decorator-0.0.5/out/extension
[2019-07-26 03:41:04.297] [exthost] [info] ExtensionService#_doActivateExtension spmeesseman.vscode-taskexplorer {"startup":true,"activationEvent":"*"}
[2019-07-26 03:41:04.297] [exthost] [info] ExtensionService#loadCommonJSModule /home/thubelihle/.vscode/extensions/spmeesseman.vscode-taskexplorer-1.19.3/out/extension
[2019-07-26 03:41:04.365] [exthost] [info] ExtensionService#_doActivateExtension vscode-icons-team.vscode-icons {"startup":true,"activationEvent":"*"}
[2019-07-26 03:41:04.365] [exthost] [info] ExtensionService#loadCommonJSModule /home/thubelihle/.vscode/extensions/vscode-icons-team.vscode-icons-8.8.0/out/src/
[2019-07-26 03:41:04.828] [exthost] [info] ExtensionService#_doActivateExtension 766b.go-outliner {"startup":true,"activationEvent":"workspaceContains:**/*.go"}
[2019-07-26 03:41:04.828] [exthost] [info] ExtensionService#loadCommonJSModule /home/thubelihle/.vscode/extensions/766b.go-outliner-0.1.20/out/extension
[2019-07-26 03:41:04.845] [exthost] [info] eager extensions activated
[2019-07-26 03:41:12.800] [exthost] [info] ExtensionService#_doActivateExtension ms-vscode.Go {"startup":false,"activationEvent":"onLanguage:go"}
[2019-07-26 03:41:12.800] [exthost] [info] ExtensionService#loadCommonJSModule /home/thubelihle/.vscode/extensions/ms-vscode.go-0.11.4/out/src/goMain
[2019-07-26 03:41:13.081] [exthost] [info] ExtensionService#_doActivateExtension msyrus.go-doc {"startup":false,"activationEvent":"onLanguage:go"}
[2019-07-26 03:41:13.081] [exthost] [info] ExtensionService#loadCommonJSModule /home/thubelihle/.vscode/extensions/msyrus.go-doc-0.1.1/out/extension
[2019-07-26 03:41:13.086] [exthost] [info] ExtensionService#_doActivateExtension quillaja.goasm {"startup":false,"activationEvent":"onLanguage:go"}
[2019-07-26 03:41:13.086] [exthost] [info] ExtensionService#loadCommonJSModule /home/thubelihle/.vscode/extensions/quillaja.goasm-0.0.4/autocomplete/extension
[2019-07-26 03:42:20.163] [exthost] [error] [ms-vscode.Go] provider FAILED
[2019-07-26 03:42:20.163] [exthost] [error] Check the console in dev tools to find errors when formatting.
[2019-07-26 03:44:12.878] [exthost] [error] [ms-vscode.Go] provider FAILED
[2019-07-26 03:44:12.878] [exthost] [error] Check the console in dev tools to find errors when formatting.
[2019-07-26 03:47:04.674] [exthost] [error] [ms-vscode.Go] provider FAILED
[2019-07-26 03:47:04.674] [exthost] [error] Command failed: /home/thubelihle/repos/go/bin/godef -t -i -f /home/thubelihle/repos/go/src/github.com/sisimogangg/supermarket.products.api/service/product_service.go -o 1772

[2019-07-26 03:47:18.882] [exthost] [error] [ms-vscode.Go] provider FAILED
[2019-07-26 03:47:18.888] [exthost] [error] Error: name must not be falsy
	at Function.validate (/usr/share/code/resources/app/out/vs/workbench/services/extensions/node/extensionHostProcess.js:347:308)
	at new b (/usr/share/code/resources/app/out/vs/workbench/services/extensions/node/extensionHostProcess.js:347:257)
	at new b (/usr/share/code/resources/app/out/vs/workbench/services/extensions/node/extensionHostProcess.js:335:813)
	at forEach.decl (/home/thubelihle/.vscode/extensions/ms-vscode.go-0.11.4/out/src/goOutline.js:112:28)
	at Array.forEach (<anonymous>)
	at convertToCodeSymbols (/home/thubelihle/.vscode/extensions/ms-vscode.go-0.11.4/out/src/goOutline.js:91:19)
	at /home/thubelihle/.vscode/extensions/ms-vscode.go-0.11.4/out/src/goOutline.js:28:16
	at Generator.next (<anonymous>)
	at fulfilled (/home/thubelihle/.vscode/extensions/ms-vscode.go-0.11.4/out/src/goOutline.js:8:58)
[2019-07-26 03:47:28.553] [exthost] [error] [ms-vscode.Go] provider FAILED
[2019-07-26 03:47:28.554] [exthost] [error] Error: name must not be falsy
	at Function.validate (/usr/share/code/resources/app/out/vs/workbench/services/extensions/node/extensionHostProcess.js:347:308)
	at new b (/usr/share/code/resources/app/out/vs/workbench/services/extensions/node/extensionHostProcess.js:347:257)
	at new b (/usr/share/code/resources/app/out/vs/workbench/services/extensions/node/extensionHostProcess.js:335:813)
	at forEach.decl (/home/thubelihle/.vscode/extensions/ms-vscode.go-0.11.4/out/src/goOutline.js:112:28)
	at Array.forEach (<anonymous>)
	at convertToCodeSymbols (/home/thubelihle/.vscode/extensions/ms-vscode.go-0.11.4/out/src/goOutline.js:91:19)
	at /home/thubelihle/.vscode/extensions/ms-vscode.go-0.11.4/out/src/goOutline.js:28:16
	at Generator.next (<anonymous>)
	at fulfilled (/home/thubelihle/.vscode/extensions/ms-vscode.go-0.11.4/out/src/goOutline.js:8:58)
[2019-07-26 03:47:29.553] [exthost] [error] [ms-vscode.Go] provider FAILED
[2019-07-26 03:47:29.553] [exthost] [error] Error: name must not be falsy
	at Function.validate (/usr/share/code/resources/app/out/vs/workbench/services/extensions/node/extensionHostProcess.js:347:308)
	at new b (/usr/share/code/resources/app/out/vs/workbench/services/extensions/node/extensionHostProcess.js:347:257)
	at new b (/usr/share/code/resources/app/out/vs/workbench/services/extensions/node/extensionHostProcess.js:335:813)
	at forEach.decl (/home/thubelihle/.vscode/extensions/ms-vscode.go-0.11.4/out/src/goOutline.js:112:28)
	at Array.forEach (<anonymous>)
	at convertToCodeSymbols (/home/thubelihle/.vscode/extensions/ms-vscode.go-0.11.4/out/src/goOutline.js:91:19)
	at /home/thubelihle/.vscode/extensions/ms-vscode.go-0.11.4/out/src/goOutline.js:28:16
	at Generator.next (<anonymous>)
	at fulfilled (/home/thubelihle/.vscode/extensions/ms-vscode.go-0.11.4/out/src/goOutline.js:8:58)
[2019-07-26 03:47:30.369] [exthost] [error] [ms-vscode.Go] provider FAILED
[2019-07-26 03:47:30.370] [exthost] [error] Error: name must not be falsy
	at Function.validate (/usr/share/code/resources/app/out/vs/workbench/services/extensions/node/extensionHostProcess.js:347:308)
	at new b (/usr/share/code/resources/app/out/vs/workbench/services/extensions/node/extensionHostProcess.js:347:257)
	at new b (/usr/share/code/resources/app/out/vs/workbench/services/extensions/node/extensionHostProcess.js:335:813)
	at forEach.decl (/home/thubelihle/.vscode/extensions/ms-vscode.go-0.11.4/out/src/goOutline.js:112:28)
	at Array.forEach (<anonymous>)
	at convertToCodeSymbols (/home/thubelihle/.vscode/extensions/ms-vscode.go-0.11.4/out/src/goOutline.js:91:19)
	at /home/thubelihle/.vscode/extensions/ms-vscode.go-0.11.4/out/src/goOutline.js:28:16
	at Generator.next (<anonymous>)
	at fulfilled (/home/thubelihle/.vscode/extensions/ms-vscode.go-0.11.4/out/src/goOutline.js:8:58)
[2019-07-26 03:48:30.797] [exthost] [error] [ms-vscode.Go] provider FAILED
[2019-07-26 03:48:30.797] [exthost] [error] Error: name must not be falsy
	at Function.validate (/usr/share/code/resources/app/out/vs/workbench/services/extensions/node/extensionHostProcess.js:347:308)
	at new b (/usr/share/code/resources/app/out/vs/workbench/services/extensions/node/extensionHostProcess.js:347:257)
	at new b (/usr/share/code/resources/app/out/vs/workbench/services/extensions/node/extensionHostProcess.js:335:813)
	at forEach.decl (/home/thubelihle/.vscode/extensions/ms-vscode.go-0.11.4/out/src/goOutline.js:112:28)
	at Array.forEach (<anonymous>)
	at convertToCodeSymbols (/home/thubelihle/.vscode/extensions/ms-vscode.go-0.11.4/out/src/goOutline.js:91:19)
	at /home/thubelihle/.vscode/extensions/ms-vscode.go-0.11.4/out/src/goOutline.js:28:16
	at Generator.next (<anonymous>)
	at fulfilled (/home/thubelihle/.vscode/extensions/ms-vscode.go-0.11.4/out/src/goOutline.js:8:58)
[2019-07-26 03:48:31.148] [exthost] [error] [ms-vscode.Go] provider FAILED
[2019-07-26 03:48:31.149] [exthost] [error] Error: name must not be falsy
	at Function.validate (/usr/share/code/resources/app/out/vs/workbench/services/extensions/node/extensionHostProcess.js:347:308)
	at new b (/usr/share/code/resources/app/out/vs/workbench/services/extensions/node/extensionHostProcess.js:347:257)
	at new b (/usr/share/code/resources/app/out/vs/workbench/services/extensions/node/extensionHostProcess.js:335:813)
	at forEach.decl (/home/thubelihle/.vscode/extensions/ms-vscode.go-0.11.4/out/src/goOutline.js:112:28)
	at Array.forEach (<anonymous>)
	at convertToCodeSymbols (/home/thubelihle/.vscode/extensions/ms-vscode.go-0.11.4/out/src/goOutline.js:91:19)
	at /home/thubelihle/.vscode/extensions/ms-vscode.go-0.11.4/out/src/goOutline.js:28:16
	at Generator.next (<anonymous>)
	at fulfilled (/home/thubelihle/.vscode/extensions/ms-vscode.go-0.11.4/out/src/goOutline.js:8:58)
[2019-07-26 03:48:36.738] [exthost] [error] [ms-vscode.Go] provider FAILED
[2019-07-26 03:48:36.738] [exthost] [error] Error: name must not be falsy
	at Function.validate (/usr/share/code/resources/app/out/vs/workbench/services/extensions/node/extensionHostProcess.js:347:308)
	at new b (/usr/share/code/resources/app/out/vs/workbench/services/extensions/node/extensionHostProcess.js:347:257)
	at new b (/usr/share/code/resources/app/out/vs/workbench/services/extensions/node/extensionHostProcess.js:335:813)
	at forEach.decl (/home/thubelihle/.vscode/extensions/ms-vscode.go-0.11.4/out/src/goOutline.js:112:28)
	at Array.forEach (<anonymous>)
	at convertToCodeSymbols (/home/thubelihle/.vscode/extensions/ms-vscode.go-0.11.4/out/src/goOutline.js:91:19)
	at /home/thubelihle/.vscode/extensions/ms-vscode.go-0.11.4/out/src/goOutline.js:28:16
	at Generator.next (<anonymous>)
	at fulfilled (/home/thubelihle/.vscode/extensions/ms-vscode.go-0.11.4/out/src/goOutline.js:8:58)
[2019-07-26 03:48:39.392] [exthost] [error] [ms-vscode.Go] provider FAILED
[2019-07-26 03:48:39.392] [exthost] [error] Error: name must not be falsy
	at Function.validate (/usr/share/code/resources/app/out/vs/workbench/services/extensions/node/extensionHostProcess.js:347:308)
	at new b (/usr/share/code/resources/app/out/vs/workbench/services/extensions/node/extensionHostProcess.js:347:257)
	at new b (/usr/share/code/resources/app/out/vs/workbench/services/extensions/node/extensionHostProcess.js:335:813)
	at forEach.decl (/home/thubelihle/.vscode/extensions/ms-vscode.go-0.11.4/out/src/goOutline.js:112:28)
	at Array.forEach (<anonymous>)
	at convertToCodeSymbols (/home/thubelihle/.vscode/extensions/ms-vscode.go-0.11.4/out/src/goOutline.js:91:19)
	at /home/thubelihle/.vscode/extensions/ms-vscode.go-0.11.4/out/src/goOutline.js:28:16
	at Generator.next (<anonymous>)
	at fulfilled (/home/thubelihle/.vscode/extensions/ms-vscode.go-0.11.4/out/src/goOutline.js:8:58)
[2019-07-26 03:48:39.837] [exthost] [error] [ms-vscode.Go] provider FAILED
[2019-07-26 03:48:39.838] [exthost] [error] Error: name must not be falsy
	at Function.validate (/usr/share/code/resources/app/out/vs/workbench/services/extensions/node/extensionHostProcess.js:347:308)
	at new b (/usr/share/code/resources/app/out/vs/workbench/services/extensions/node/extensionHostProcess.js:347:257)
	at new b (/usr/share/code/resources/app/out/vs/workbench/services/extensions/node/extensionHostProcess.js:335:813)
	at forEach.decl (/home/thubelihle/.vscode/extensions/ms-vscode.go-0.11.4/out/src/goOutline.js:112:28)
	at Array.forEach (<anonymous>)
	at convertToCodeSymbols (/home/thubelihle/.vscode/extensions/ms-vscode.go-0.11.4/out/src/goOutline.js:91:19)
	at /home/thubelihle/.vscode/extensions/ms-vscode.go-0.11.4/out/src/goOutline.js:28:16
	at Generator.next (<anonymous>)
	at fulfilled (/home/thubelihle/.vscode/extensions/ms-vscode.go-0.11.4/out/src/goOutline.js:8:58)
[2019-07-26 03:48:47.493] [exthost] [error] [ms-vscode.Go] provider FAILED
[2019-07-26 03:48:47.493] [exthost] [error] Check the console in dev tools to find errors when formatting.
[2019-07-26 03:48:52.817] [exthost] [error] [ms-vscode.Go] provider FAILED
[2019-07-26 03:48:52.817] [exthost] [error] Error: name must not be falsy
	at Function.validate (/usr/share/code/resources/app/out/vs/workbench/services/extensions/node/extensionHostProcess.js:347:308)
	at new b (/usr/share/code/resources/app/out/vs/workbench/services/extensions/node/extensionHostProcess.js:347:257)
	at new b (/usr/share/code/resources/app/out/vs/workbench/services/extensions/node/extensionHostProcess.js:335:813)
	at forEach.decl (/home/thubelihle/.vscode/extensions/ms-vscode.go-0.11.4/out/src/goOutline.js:112:28)
	at Array.forEach (<anonymous>)
	at convertToCodeSymbols (/home/thubelihle/.vscode/extensions/ms-vscode.go-0.11.4/out/src/goOutline.js:91:19)
	at /home/thubelihle/.vscode/extensions/ms-vscode.go-0.11.4/out/src/goOutline.js:28:16
	at Generator.next (<anonymous>)
	at fulfilled (/home/thubelihle/.vscode/extensions/ms-vscode.go-0.11.4/out/src/goOutline.js:8:58)
[2019-07-26 03:48:54.019] [exthost] [error] [ms-vscode.Go] provider FAILED
[2019-07-26 03:48:54.019] [exthost] [error] Error: name must not be falsy
	at Function.validate (/usr/share/code/resources/app/out/vs/workbench/services/extensions/node/extensionHostProcess.js:347:308)
	at new b (/usr/share/code/resources/app/out/vs/workbench/services/extensions/node/extensionHostProcess.js:347:257)
	at new b (/usr/share/code/resources/app/out/vs/workbench/services/extensions/node/extensionHostProcess.js:335:813)
	at forEach.decl (/home/thubelihle/.vscode/extensions/ms-vscode.go-0.11.4/out/src/goOutline.js:112:28)
	at Array.forEach (<anonymous>)
	at convertToCodeSymbols (/home/thubelihle/.vscode/extensions/ms-vscode.go-0.11.4/out/src/goOutline.js:91:19)
	at /home/thubelihle/.vscode/extensions/ms-vscode.go-0.11.4/out/src/goOutline.js:28:16
	at Generator.next (<anonymous>)
	at fulfilled (/home/thubelihle/.vscode/extensions/ms-vscode.go-0.11.4/out/src/goOutline.js:8:58)
[2019-07-26 03:48:54.580] [exthost] [error] [ms-vscode.Go] provider FAILED
[2019-07-26 03:48:54.580] [exthost] [error] Error: name must not be falsy
	at Function.validate (/usr/share/code/resources/app/out/vs/workbench/services/extensions/node/extensionHostProcess.js:347:308)
	at new b (/usr/share/code/resources/app/out/vs/workbench/services/extensions/node/extensionHostProcess.js:347:257)
	at new b (/usr/share/code/resources/app/out/vs/workbench/services/extensions/node/extensionHostProcess.js:335:813)
	at forEach.decl (/home/thubelihle/.vscode/extensions/ms-vscode.go-0.11.4/out/src/goOutline.js:112:28)
	at Array.forEach (<anonymous>)
	at convertToCodeSymbols (/home/thubelihle/.vscode/extensions/ms-vscode.go-0.11.4/out/src/goOutline.js:91:19)
	at /home/thubelihle/.vscode/extensions/ms-vscode.go-0.11.4/out/src/goOutline.js:28:16
	at Generator.next (<anonymous>)
	at fulfilled (/home/thubelihle/.vscode/extensions/ms-vscode.go-0.11.4/out/src/goOutline.js:8:58)
[2019-07-26 03:48:55.117] [exthost] [error] [ms-vscode.Go] provider FAILED
[2019-07-26 03:48:55.118] [exthost] [error] Error: name must not be falsy
	at Function.validate (/usr/share/code/resources/app/out/vs/workbench/services/extensions/node/extensionHostProcess.js:347:308)
	at new b (/usr/share/code/resources/app/out/vs/workbench/services/extensions/node/extensionHostProcess.js:347:257)
	at new b (/usr/share/code/resources/app/out/vs/workbench/services/extensions/node/extensionHostProcess.js:335:813)
	at forEach.decl (/home/thubelihle/.vscode/extensions/ms-vscode.go-0.11.4/out/src/goOutline.js:112:28)
	at Array.forEach (<anonymous>)
	at convertToCodeSymbols (/home/thubelihle/.vscode/extensions/ms-vscode.go-0.11.4/out/src/goOutline.js:91:19)
	at /home/thubelihle/.vscode/extensions/ms-vscode.go-0.11.4/out/src/goOutline.js:28:16
	at Generator.next (<anonymous>)
	at fulfilled (/home/thubelihle/.vscode/extensions/ms-vscode.go-0.11.4/out/src/goOutline.js:8:58)
[2019-07-26 03:56:31.613] [exthost] [error] [ms-vscode.Go] provider FAILED
[2019-07-26 03:56:31.613] [exthost] [error] Command failed: /home/thubelihle/repos/go/bin/godef -t -i -f /home/thubelihle/repos/go/src/github.com/sisimogangg/supermarket.products.api/service/product_service.go -o 1721

[2019-07-26 03:59:02.292] [exthost] [error] [ms-vscode.Go] provider FAILED
[2019-07-26 03:59:02.292] [exthost] [error] Error: name must not be falsy
	at Function.validate (/usr/share/code/resources/app/out/vs/workbench/services/extensions/node/extensionHostProcess.js:347:308)
	at new b (/usr/share/code/resources/app/out/vs/workbench/services/extensions/node/extensionHostProcess.js:347:257)
	at new b (/usr/share/code/resources/app/out/vs/workbench/services/extensions/node/extensionHostProcess.js:335:813)
	at forEach.decl (/home/thubelihle/.vscode/extensions/ms-vscode.go-0.11.4/out/src/goOutline.js:112:28)
	at Array.forEach (<anonymous>)
	at convertToCodeSymbols (/home/thubelihle/.vscode/extensions/ms-vscode.go-0.11.4/out/src/goOutline.js:91:19)
	at /home/thubelihle/.vscode/extensions/ms-vscode.go-0.11.4/out/src/goOutline.js:28:16
	at Generator.next (<anonymous>)
	at fulfilled (/home/thubelihle/.vscode/extensions/ms-vscode.go-0.11.4/out/src/goOutline.js:8:58)
[2019-07-26 03:59:43.925] [exthost] [error] [ms-vscode.Go] provider FAILED
[2019-07-26 03:59:43.925] [exthost] [error] Error: name must not be falsy
	at Function.validate (/usr/share/code/resources/app/out/vs/workbench/services/extensions/node/extensionHostProcess.js:347:308)
	at new b (/usr/share/code/resources/app/out/vs/workbench/services/extensions/node/extensionHostProcess.js:347:257)
	at new b (/usr/share/code/resources/app/out/vs/workbench/services/extensions/node/extensionHostProcess.js:335:813)
	at forEach.decl (/home/thubelihle/.vscode/extensions/ms-vscode.go-0.11.4/out/src/goOutline.js:112:28)
	at Array.forEach (<anonymous>)
	at convertToCodeSymbols (/home/thubelihle/.vscode/extensions/ms-vscode.go-0.11.4/out/src/goOutline.js:91:19)
	at /home/thubelihle/.vscode/extensions/ms-vscode.go-0.11.4/out/src/goOutline.js:28:16
	at Generator.next (<anonymous>)
	at fulfilled (/home/thubelihle/.vscode/extensions/ms-vscode.go-0.11.4/out/src/goOutline.js:8:58)
[2019-07-26 03:59:44.628] [exthost] [error] [ms-vscode.Go] provider FAILED
[2019-07-26 03:59:44.628] [exthost] [error] Error: name must not be falsy
	at Function.validate (/usr/share/code/resources/app/out/vs/workbench/services/extensions/node/extensionHostProcess.js:347:308)
	at new b (/usr/share/code/resources/app/out/vs/workbench/services/extensions/node/extensionHostProcess.js:347:257)
	at new b (/usr/share/code/resources/app/out/vs/workbench/services/extensions/node/extensionHostProcess.js:335:813)
	at forEach.decl (/home/thubelihle/.vscode/extensions/ms-vscode.go-0.11.4/out/src/goOutline.js:112:28)
	at Array.forEach (<anonymous>)
	at convertToCodeSymbols (/home/thubelihle/.vscode/extensions/ms-vscode.go-0.11.4/out/src/goOutline.js:91:19)
	at /home/thubelihle/.vscode/extensions/ms-vscode.go-0.11.4/out/src/goOutline.js:28:16
	at Generator.next (<anonymous>)
	at fulfilled (/home/thubelihle/.vscode/extensions/ms-vscode.go-0.11.4/out/src/goOutline.js:8:58)
[2019-07-26 03:59:48.144] [exthost] [error] [ms-vscode.Go] provider FAILED
[2019-07-26 03:59:48.144] [exthost] [error] Error: name must not be falsy
	at Function.validate (/usr/share/code/resources/app/out/vs/workbench/services/extensions/node/extensionHostProcess.js:347:308)
	at new b (/usr/share/code/resources/app/out/vs/workbench/services/extensions/node/extensionHostProcess.js:347:257)
	at new b (/usr/share/code/resources/app/out/vs/workbench/services/extensions/node/extensionHostProcess.js:335:813)
	at forEach.decl (/home/thubelihle/.vscode/extensions/ms-vscode.go-0.11.4/out/src/goOutline.js:112:28)
	at Array.forEach (<anonymous>)
	at convertToCodeSymbols (/home/thubelihle/.vscode/extensions/ms-vscode.go-0.11.4/out/src/goOutline.js:91:19)
	at /home/thubelihle/.vscode/extensions/ms-vscode.go-0.11.4/out/src/goOutline.js:28:16
	at Generator.next (<anonymous>)
	at fulfilled (/home/thubelihle/.vscode/extensions/ms-vscode.go-0.11.4/out/src/goOutline.js:8:58)
[2019-07-26 03:59:48.523] [exthost] [error] [ms-vscode.Go] provider FAILED
[2019-07-26 03:59:48.524] [exthost] [error] Error: name must not be falsy
	at Function.validate (/usr/share/code/resources/app/out/vs/workbench/services/extensions/node/extensionHostProcess.js:347:308)
	at new b (/usr/share/code/resources/app/out/vs/workbench/services/extensions/node/extensionHostProcess.js:347:257)
	at new b (/usr/share/code/resources/app/out/vs/workbench/services/extensions/node/extensionHostProcess.js:335:813)
	at forEach.decl (/home/thubelihle/.vscode/extensions/ms-vscode.go-0.11.4/out/src/goOutline.js:112:28)
	at Array.forEach (<anonymous>)
	at convertToCodeSymbols (/home/thubelihle/.vscode/extensions/ms-vscode.go-0.11.4/out/src/goOutline.js:91:19)
	at /home/thubelihle/.vscode/extensions/ms-vscode.go-0.11.4/out/src/goOutline.js:28:16
	at Generator.next (<anonymous>)
	at fulfilled (/home/thubelihle/.vscode/extensions/ms-vscode.go-0.11.4/out/src/goOutline.js:8:58)
[2019-07-26 03:59:51.203] [exthost] [error] [ms-vscode.Go] provider FAILED
[2019-07-26 03:59:51.204] [exthost] [error] Error: name must not be falsy
	at Function.validate (/usr/share/code/resources/app/out/vs/workbench/services/extensions/node/extensionHostProcess.js:347:308)
	at new b (/usr/share/code/resources/app/out/vs/workbench/services/extensions/node/extensionHostProcess.js:347:257)
	at new b (/usr/share/code/resources/app/out/vs/workbench/services/extensions/node/extensionHostProcess.js:335:813)
	at forEach.decl (/home/thubelihle/.vscode/extensions/ms-vscode.go-0.11.4/out/src/goOutline.js:112:28)
	at Array.forEach (<anonymous>)
	at convertToCodeSymbols (/home/thubelihle/.vscode/extensions/ms-vscode.go-0.11.4/out/src/goOutline.js:91:19)
	at /home/thubelihle/.vscode/extensions/ms-vscode.go-0.11.4/out/src/goOutline.js:28:16
	at Generator.next (<anonymous>)
	at fulfilled (/home/thubelihle/.vscode/extensions/ms-vscode.go-0.11.4/out/src/goOutline.js:8:58)
[2019-07-26 04:00:01.414] [exthost] [error] [ms-vscode.Go] provider FAILED
[2019-07-26 04:00:01.414] [exthost] [error] Error: name must not be falsy
	at Function.validate (/usr/share/code/resources/app/out/vs/workbench/services/extensions/node/extensionHostProcess.js:347:308)
	at new b (/usr/share/code/resources/app/out/vs/workbench/services/extensions/node/extensionHostProcess.js:347:257)
	at new b (/usr/share/code/resources/app/out/vs/workbench/services/extensions/node/extensionHostProcess.js:335:813)
	at forEach.decl (/home/thubelihle/.vscode/extensions/ms-vscode.go-0.11.4/out/src/goOutline.js:112:28)
	at Array.forEach (<anonymous>)
	at convertToCodeSymbols (/home/thubelihle/.vscode/extensions/ms-vscode.go-0.11.4/out/src/goOutline.js:91:19)
	at /home/thubelihle/.vscode/extensions/ms-vscode.go-0.11.4/out/src/goOutline.js:28:16
	at Generator.next (<anonymous>)
	at fulfilled (/home/thubelihle/.vscode/extensions/ms-vscode.go-0.11.4/out/src/goOutline.js:8:58)
[2019-07-26 04:00:02.457] [exthost] [error] [ms-vscode.Go] provider FAILED
[2019-07-26 04:00:02.458] [exthost] [error] Error: name must not be falsy
	at Function.validate (/usr/share/code/resources/app/out/vs/workbench/services/extensions/node/extensionHostProcess.js:347:308)
	at new b (/usr/share/code/resources/app/out/vs/workbench/services/extensions/node/extensionHostProcess.js:347:257)
	at new b (/usr/share/code/resources/app/out/vs/workbench/services/extensions/node/extensionHostProcess.js:335:813)
	at forEach.decl (/home/thubelihle/.vscode/extensions/ms-vscode.go-0.11.4/out/src/goOutline.js:112:28)
	at Array.forEach (<anonymous>)
	at convertToCodeSymbols (/home/thubelihle/.vscode/extensions/ms-vscode.go-0.11.4/out/src/goOutline.js:91:19)
	at /home/thubelihle/.vscode/extensions/ms-vscode.go-0.11.4/out/src/goOutline.js:28:16
	at Generator.next (<anonymous>)
	at fulfilled (/home/thubelihle/.vscode/extensions/ms-vscode.go-0.11.4/out/src/goOutline.js:8:58)
[2019-07-26 04:00:03.365] [exthost] [error] [ms-vscode.Go] provider FAILED
[2019-07-26 04:00:03.367] [exthost] [error] Error: name must not be falsy
	at Function.validate (/usr/share/code/resources/app/out/vs/workbench/services/extensions/node/extensionHostProcess.js:347:308)
	at new b (/usr/share/code/resources/app/out/vs/workbench/services/extensions/node/extensionHostProcess.js:347:257)
	at new b (/usr/share/code/resources/app/out/vs/workbench/services/extensions/node/extensionHostProcess.js:335:813)
	at forEach.decl (/home/thubelihle/.vscode/extensions/ms-vscode.go-0.11.4/out/src/goOutline.js:112:28)
	at Array.forEach (<anonymous>)
	at convertToCodeSymbols (/home/thubelihle/.vscode/extensions/ms-vscode.go-0.11.4/out/src/goOutline.js:91:19)
	at /home/thubelihle/.vscode/extensions/ms-vscode.go-0.11.4/out/src/goOutline.js:28:16
	at Generator.next (<anonymous>)
	at fulfilled (/home/thubelihle/.vscode/extensions/ms-vscode.go-0.11.4/out/src/goOutline.js:8:58)
[2019-07-26 04:00:03.738] [exthost] [error] [ms-vscode.Go] provider FAILED
[2019-07-26 04:00:03.738] [exthost] [error] Error: name must not be falsy
	at Function.validate (/usr/share/code/resources/app/out/vs/workbench/services/extensions/node/extensionHostProcess.js:347:308)
	at new b (/usr/share/code/resources/app/out/vs/workbench/services/extensions/node/extensionHostProcess.js:347:257)
	at new b (/usr/share/code/resources/app/out/vs/workbench/services/extensions/node/extensionHostProcess.js:335:813)
	at forEach.decl (/home/thubelihle/.vscode/extensions/ms-vscode.go-0.11.4/out/src/goOutline.js:112:28)
	at Array.forEach (<anonymous>)
	at convertToCodeSymbols (/home/thubelihle/.vscode/extensions/ms-vscode.go-0.11.4/out/src/goOutline.js:91:19)
	at /home/thubelihle/.vscode/extensions/ms-vscode.go-0.11.4/out/src/goOutline.js:28:16
	at Generator.next (<anonymous>)
	at fulfilled (/home/thubelihle/.vscode/extensions/ms-vscode.go-0.11.4/out/src/goOutline.js:8:58)
[2019-07-26 04:00:19.740] [exthost] [error] [ms-vscode.Go] provider FAILED
[2019-07-26 04:00:19.741] [exthost] [error] Error: name must not be falsy
	at Function.validate (/usr/share/code/resources/app/out/vs/workbench/services/extensions/node/extensionHostProcess.js:347:308)
	at new b (/usr/share/code/resources/app/out/vs/workbench/services/extensions/node/extensionHostProcess.js:347:257)
	at new b (/usr/share/code/resources/app/out/vs/workbench/services/extensions/node/extensionHostProcess.js:335:813)
	at forEach.decl (/home/thubelihle/.vscode/extensions/ms-vscode.go-0.11.4/out/src/goOutline.js:112:28)
	at Array.forEach (<anonymous>)
	at convertToCodeSymbols (/home/thubelihle/.vscode/extensions/ms-vscode.go-0.11.4/out/src/goOutline.js:91:19)
	at /home/thubelihle/.vscode/extensions/ms-vscode.go-0.11.4/out/src/goOutline.js:28:16
	at Generator.next (<anonymous>)
	at fulfilled (/home/thubelihle/.vscode/extensions/ms-vscode.go-0.11.4/out/src/goOutline.js:8:58)
[2019-07-26 04:27:57.942] [exthost] [error] [ms-vscode.Go] provider FAILED
[2019-07-26 04:27:57.943] [exthost] [error] Error: name must not be falsy
	at Function.validate (/usr/share/code/resources/app/out/vs/workbench/services/extensions/node/extensionHostProcess.js:347:308)
	at new b (/usr/share/code/resources/app/out/vs/workbench/services/extensions/node/extensionHostProcess.js:347:257)
	at new b (/usr/share/code/resources/app/out/vs/workbench/services/extensions/node/extensionHostProcess.js:335:813)
	at forEach.decl (/home/thubelihle/.vscode/extensions/ms-vscode.go-0.11.4/out/src/goOutline.js:112:28)
	at Array.forEach (<anonymous>)
	at convertToCodeSymbols (/home/thubelihle/.vscode/extensions/ms-vscode.go-0.11.4/out/src/goOutline.js:91:19)
	at /home/thubelihle/.vscode/extensions/ms-vscode.go-0.11.4/out/src/goOutline.js:28:16
	at Generator.next (<anonymous>)
	at fulfilled (/home/thubelihle/.vscode/extensions/ms-vscode.go-0.11.4/out/src/goOutline.js:8:58)
[2019-07-26 04:39:22.184] [exthost] [info] ExtensionService#_doActivateExtension vscode.configuration-editing {"startup":false,"activationEvent":"onLanguage:jsonc"}
[2019-07-26 04:39:22.184] [exthost] [info] ExtensionService#loadCommonJSModule /usr/share/code/resources/app/extensions/configuration-editing/dist/extension
[2019-07-26 04:39:22.210] [exthost] [info] ExtensionService#_doActivateExtension vscode.json-language-features {"startup":false,"activationEvent":"onLanguage:jsonc"}
[2019-07-26 04:39:22.210] [exthost] [info] ExtensionService#loadCommonJSModule /usr/share/code/resources/app/extensions/json-language-features/client/dist/jsonMain
[2019-07-26 04:39:22.325] [exthost] [info] ExtensionService#_doActivateExtension vscode.typescript-language-features {"startup":false,"activationEvent":"onLanguage:jsonc"}
[2019-07-26 04:39:22.325] [exthost] [info] ExtensionService#loadCommonJSModule /usr/share/code/resources/app/extensions/typescript-language-features/dist/extension
[2019-07-26 04:54:17.074] [exthost] [error] [ms-vscode.Go] provider FAILED
[2019-07-26 04:54:17.074] [exthost] [error] Error: name must not be falsy
	at Function.validate (/usr/share/code/resources/app/out/vs/workbench/services/extensions/node/extensionHostProcess.js:347:308)
	at new b (/usr/share/code/resources/app/out/vs/workbench/services/extensions/node/extensionHostProcess.js:347:257)
	at new b (/usr/share/code/resources/app/out/vs/workbench/services/extensions/node/extensionHostProcess.js:335:813)
	at forEach.decl (/home/thubelihle/.vscode/extensions/ms-vscode.go-0.11.4/out/src/goOutline.js:112:28)
	at Array.forEach (<anonymous>)
	at convertToCodeSymbols (/home/thubelihle/.vscode/extensions/ms-vscode.go-0.11.4/out/src/goOutline.js:91:19)
	at /home/thubelihle/.vscode/extensions/ms-vscode.go-0.11.4/out/src/goOutline.js:28:16
	at Generator.next (<anonymous>)
	at fulfilled (/home/thubelihle/.vscode/extensions/ms-vscode.go-0.11.4/out/src/goOutline.js:8:58)
[2019-07-26 04:54:20.596] [exthost] [error] [ms-vscode.Go] provider FAILED
[2019-07-26 04:54:20.596] [exthost] [error] Error: name must not be falsy
	at Function.validate (/usr/share/code/resources/app/out/vs/workbench/services/extensions/node/extensionHostProcess.js:347:308)
	at new b (/usr/share/code/resources/app/out/vs/workbench/services/extensions/node/extensionHostProcess.js:347:257)
	at new b (/usr/share/code/resources/app/out/vs/workbench/services/extensions/node/extensionHostProcess.js:335:813)
	at forEach.decl (/home/thubelihle/.vscode/extensions/ms-vscode.go-0.11.4/out/src/goOutline.js:112:28)
	at Array.forEach (<anonymous>)
	at convertToCodeSymbols (/home/thubelihle/.vscode/extensions/ms-vscode.go-0.11.4/out/src/goOutline.js:91:19)
	at /home/thubelihle/.vscode/extensions/ms-vscode.go-0.11.4/out/src/goOutline.js:28:16
	at Generator.next (<anonymous>)
	at fulfilled (/home/thubelihle/.vscode/extensions/ms-vscode.go-0.11.4/out/src/goOutline.js:8:58)
[2019-07-26 04:54:35.238] [exthost] [error] [ms-vscode.Go] provider FAILED
[2019-07-26 04:54:35.238] [exthost] [error] Error: name must not be falsy
	at Function.validate (/usr/share/code/resources/app/out/vs/workbench/services/extensions/node/extensionHostProcess.js:347:308)
	at new b (/usr/share/code/resources/app/out/vs/workbench/services/extensions/node/extensionHostProcess.js:347:257)
	at new b (/usr/share/code/resources/app/out/vs/workbench/services/extensions/node/extensionHostProcess.js:335:813)
	at forEach.decl (/home/thubelihle/.vscode/extensions/ms-vscode.go-0.11.4/out/src/goOutline.js:112:28)
	at Array.forEach (<anonymous>)
	at convertToCodeSymbols (/home/thubelihle/.vscode/extensions/ms-vscode.go-0.11.4/out/src/goOutline.js:91:19)
	at /home/thubelihle/.vscode/extensions/ms-vscode.go-0.11.4/out/src/goOutline.js:28:16
	at Generator.next (<anonymous>)
	at fulfilled (/home/thubelihle/.vscode/extensions/ms-vscode.go-0.11.4/out/src/goOutline.js:8:58)
[2019-07-26 04:54:43.167] [exthost] [error] [ms-vscode.Go] provider FAILED
[2019-07-26 04:54:43.168] [exthost] [error] Error: name must not be falsy
	at Function.validate (/usr/share/code/resources/app/out/vs/workbench/services/extensions/node/extensionHostProcess.js:347:308)
	at new b (/usr/share/code/resources/app/out/vs/workbench/services/extensions/node/extensionHostProcess.js:347:257)
	at new b (/usr/share/code/resources/app/out/vs/workbench/services/extensions/node/extensionHostProcess.js:335:813)
	at forEach.decl (/home/thubelihle/.vscode/extensions/ms-vscode.go-0.11.4/out/src/goOutline.js:112:28)
	at Array.forEach (<anonymous>)
	at convertToCodeSymbols (/home/thubelihle/.vscode/extensions/ms-vscode.go-0.11.4/out/src/goOutline.js:91:19)
	at /home/thubelihle/.vscode/extensions/ms-vscode.go-0.11.4/out/src/goOutline.js:28:16
	at Generator.next (<anonymous>)
	at fulfilled (/home/thubelihle/.vscode/extensions/ms-vscode.go-0.11.4/out/src/goOutline.js:8:58)
[2019-07-26 04:54:57.150] [exthost] [error] [ms-vscode.Go] provider FAILED
[2019-07-26 04:54:57.150] [exthost] [error] Error: name must not be falsy
	at Function.validate (/usr/share/code/resources/app/out/vs/workbench/services/extensions/node/extensionHostProcess.js:347:308)
	at new b (/usr/share/code/resources/app/out/vs/workbench/services/extensions/node/extensionHostProcess.js:347:257)
	at new b (/usr/share/code/resources/app/out/vs/workbench/services/extensions/node/extensionHostProcess.js:335:813)
	at forEach.decl (/home/thubelihle/.vscode/extensions/ms-vscode.go-0.11.4/out/src/goOutline.js:112:28)
	at Array.forEach (<anonymous>)
	at convertToCodeSymbols (/home/thubelihle/.vscode/extensions/ms-vscode.go-0.11.4/out/src/goOutline.js:91:19)
	at /home/thubelihle/.vscode/extensions/ms-vscode.go-0.11.4/out/src/goOutline.js:28:16
	at Generator.next (<anonymous>)
	at fulfilled (/home/thubelihle/.vscode/extensions/ms-vscode.go-0.11.4/out/src/goOutline.js:8:58)
[2019-07-26 04:55:15.669] [exthost] [error] [ms-vscode.Go] provider FAILED
[2019-07-26 04:55:15.669] [exthost] [error] Error: name must not be falsy
	at Function.validate (/usr/share/code/resources/app/out/vs/workbench/services/extensions/node/extensionHostProcess.js:347:308)
	at new b (/usr/share/code/resources/app/out/vs/workbench/services/extensions/node/extensionHostProcess.js:347:257)
	at new b (/usr/share/code/resources/app/out/vs/workbench/services/extensions/node/extensionHostProcess.js:335:813)
	at forEach.decl (/home/thubelihle/.vscode/extensions/ms-vscode.go-0.11.4/out/src/goOutline.js:112:28)
	at Array.forEach (<anonymous>)
	at convertToCodeSymbols (/home/thubelihle/.vscode/extensions/ms-vscode.go-0.11.4/out/src/goOutline.js:91:19)
	at /home/thubelihle/.vscode/extensions/ms-vscode.go-0.11.4/out/src/goOutline.js:28:16
	at Generator.next (<anonymous>)
	at fulfilled (/home/thubelihle/.vscode/extensions/ms-vscode.go-0.11.4/out/src/goOutline.js:8:58)
[2019-07-26 04:55:24.668] [exthost] [error] [ms-vscode.Go] provider FAILED
[2019-07-26 04:55:24.669] [exthost] [error] Error: name must not be falsy
	at Function.validate (/usr/share/code/resources/app/out/vs/workbench/services/extensions/node/extensionHostProcess.js:347:308)
	at new b (/usr/share/code/resources/app/out/vs/workbench/services/extensions/node/extensionHostProcess.js:347:257)
	at new b (/usr/share/code/resources/app/out/vs/workbench/services/extensions/node/extensionHostProcess.js:335:813)
	at forEach.decl (/home/thubelihle/.vscode/extensions/ms-vscode.go-0.11.4/out/src/goOutline.js:112:28)
	at Array.forEach (<anonymous>)
	at convertToCodeSymbols (/home/thubelihle/.vscode/extensions/ms-vscode.go-0.11.4/out/src/goOutline.js:91:19)
	at /home/thubelihle/.vscode/extensions/ms-vscode.go-0.11.4/out/src/goOutline.js:28:16
	at Generator.next (<anonymous>)
	at fulfilled (/home/thubelihle/.vscode/extensions/ms-vscode.go-0.11.4/out/src/goOutline.js:8:58)
[2019-07-26 04:55:52.875] [exthost] [error] [ms-vscode.Go] provider FAILED
[2019-07-26 04:55:52.876] [exthost] [error] Error: name must not be falsy
	at Function.validate (/usr/share/code/resources/app/out/vs/workbench/services/extensions/node/extensionHostProcess.js:347:308)
	at new b (/usr/share/code/resources/app/out/vs/workbench/services/extensions/node/extensionHostProcess.js:347:257)
	at new b (/usr/share/code/resources/app/out/vs/workbench/services/extensions/node/extensionHostProcess.js:335:813)
	at forEach.decl (/home/thubelihle/.vscode/extensions/ms-vscode.go-0.11.4/out/src/goOutline.js:112:28)
	at Array.forEach (<anonymous>)
	at convertToCodeSymbols (/home/thubelihle/.vscode/extensions/ms-vscode.go-0.11.4/out/src/goOutline.js:91:19)
	at /home/thubelihle/.vscode/extensions/ms-vscode.go-0.11.4/out/src/goOutline.js:28:16
	at Generator.next (<anonymous>)
	at fulfilled (/home/thubelihle/.vscode/extensions/ms-vscode.go-0.11.4/out/src/goOutline.js:8:58)
[2019-07-26 05:01:10.739] [exthost] [error] [ms-vscode.Go] provider FAILED
[2019-07-26 05:01:10.739] [exthost] [error] Check the console in dev tools to find errors when formatting.
[2019-07-26 05:01:29.337] [exthost] [error] [ms-vscode.Go] provider FAILED
[2019-07-26 05:01:29.337] [exthost] [error] Error: name must not be falsy
	at Function.validate (/usr/share/code/resources/app/out/vs/workbench/services/extensions/node/extensionHostProcess.js:347:308)
	at new b (/usr/share/code/resources/app/out/vs/workbench/services/extensions/node/extensionHostProcess.js:347:257)
	at new b (/usr/share/code/resources/app/out/vs/workbench/services/extensions/node/extensionHostProcess.js:335:813)
	at forEach.decl (/home/thubelihle/.vscode/extensions/ms-vscode.go-0.11.4/out/src/goOutline.js:112:28)
	at Array.forEach (<anonymous>)
	at convertToCodeSymbols (/home/thubelihle/.vscode/extensions/ms-vscode.go-0.11.4/out/src/goOutline.js:91:19)
	at /home/thubelihle/.vscode/extensions/ms-vscode.go-0.11.4/out/src/goOutline.js:28:16
	at Generator.next (<anonymous>)
	at fulfilled (/home/thubelihle/.vscode/extensions/ms-vscode.go-0.11.4/out/src/goOutline.js:8:58)
[2019-07-26 05:01:48.551] [exthost] [error] [ms-vscode.Go] provider FAILED
[2019-07-26 05:01:48.552] [exthost] [error] Error: name must not be falsy
	at Function.validate (/usr/share/code/resources/app/out/vs/workbench/services/extensions/node/extensionHostProcess.js:347:308)
	at new b (/usr/share/code/resources/app/out/vs/workbench/services/extensions/node/extensionHostProcess.js:347:257)
	at new b (/usr/share/code/resources/app/out/vs/workbench/services/extensions/node/extensionHostProcess.js:335:813)
	at forEach.decl (/home/thubelihle/.vscode/extensions/ms-vscode.go-0.11.4/out/src/goOutline.js:112:28)
	at Array.forEach (<anonymous>)
	at convertToCodeSymbols (/home/thubelihle/.vscode/extensions/ms-vscode.go-0.11.4/out/src/goOutline.js:91:19)
	at /home/thubelihle/.vscode/extensions/ms-vscode.go-0.11.4/out/src/goOutline.js:28:16
	at Generator.next (<anonymous>)
	at fulfilled (/home/thubelihle/.vscode/extensions/ms-vscode.go-0.11.4/out/src/goOutline.js:8:58)
[2019-07-26 05:01:57.886] [exthost] [error] [ms-vscode.Go] provider FAILED
[2019-07-26 05:01:57.886] [exthost] [error] Error: name must not be falsy
	at Function.validate (/usr/share/code/resources/app/out/vs/workbench/services/extensions/node/extensionHostProcess.js:347:308)
	at new b (/usr/share/code/resources/app/out/vs/workbench/services/extensions/node/extensionHostProcess.js:347:257)
	at new b (/usr/share/code/resources/app/out/vs/workbench/services/extensions/node/extensionHostProcess.js:335:813)
	at forEach.decl (/home/thubelihle/.vscode/extensions/ms-vscode.go-0.11.4/out/src/goOutline.js:112:28)
	at Array.forEach (<anonymous>)
	at convertToCodeSymbols (/home/thubelihle/.vscode/extensions/ms-vscode.go-0.11.4/out/src/goOutline.js:91:19)
	at /home/thubelihle/.vscode/extensions/ms-vscode.go-0.11.4/out/src/goOutline.js:28:16
	at Generator.next (<anonymous>)
	at fulfilled (/home/thubelihle/.vscode/extensions/ms-vscode.go-0.11.4/out/src/goOutline.js:8:58)
[2019-07-26 05:02:05.598] [exthost] [error] [ms-vscode.Go] provider FAILED
[2019-07-26 05:02:05.599] [exthost] [error] Error: name must not be falsy
	at Function.validate (/usr/share/code/resources/app/out/vs/workbench/services/extensions/node/extensionHostProcess.js:347:308)
	at new b (/usr/share/code/resources/app/out/vs/workbench/services/extensions/node/extensionHostProcess.js:347:257)
	at new b (/usr/share/code/resources/app/out/vs/workbench/services/extensions/node/extensionHostProcess.js:335:813)
	at forEach.decl (/home/thubelihle/.vscode/extensions/ms-vscode.go-0.11.4/out/src/goOutline.js:112:28)
	at Array.forEach (<anonymous>)
	at convertToCodeSymbols (/home/thubelihle/.vscode/extensions/ms-vscode.go-0.11.4/out/src/goOutline.js:91:19)
	at /home/thubelihle/.vscode/extensions/ms-vscode.go-0.11.4/out/src/goOutline.js:28:16
	at Generator.next (<anonymous>)
	at fulfilled (/home/thubelihle/.vscode/extensions/ms-vscode.go-0.11.4/out/src/goOutline.js:8:58)
[2019-07-26 05:15:15.836] [exthost] [error] [ms-vscode.Go] provider FAILED
[2019-07-26 05:15:15.836] [exthost] [error] Check the console in dev tools to find errors when formatting.
[2019-07-26 05:15:27.209] [exthost] [error] [ms-vscode.Go] provider FAILED
[2019-07-26 05:15:27.210] [exthost] [error] Command failed: /home/thubelihle/repos/go/bin/godef -t -i -f /home/thubelihle/repos/go/src/github.com/sisimogangg/supermarket.products.api/service/product_service.go -o 1600
godef: no identifier found

[2019-07-26 05:15:27.294] [exthost] [error] [ms-vscode.Go] provider FAILED
[2019-07-26 05:15:27.294] [exthost] [error] Check the console in dev tools to find errors when formatting.
[2019-07-26 05:17:55.630] [exthost] [error] [ms-vscode.Go] provider FAILED
[2019-07-26 05:17:55.630] [exthost] [error] Command failed: /home/thubelihle/repos/go/bin/godef -t -i -f /home/thubelihle/repos/go/src/github.com/sisimogangg/supermarket.products.api/service/product_service.go -o 2174

[2019-07-26 05:18:02.424] [exthost] [error] [ms-vscode.Go] provider FAILED
[2019-07-26 05:18:02.424] [exthost] [error] Error: name must not be falsy
	at Function.validate (/usr/share/code/resources/app/out/vs/workbench/services/extensions/node/extensionHostProcess.js:347:308)
	at new b (/usr/share/code/resources/app/out/vs/workbench/services/extensions/node/extensionHostProcess.js:347:257)
	at new b (/usr/share/code/resources/app/out/vs/workbench/services/extensions/node/extensionHostProcess.js:335:813)
	at forEach.decl (/home/thubelihle/.vscode/extensions/ms-vscode.go-0.11.4/out/src/goOutline.js:112:28)
	at Array.forEach (<anonymous>)
	at convertToCodeSymbols (/home/thubelihle/.vscode/extensions/ms-vscode.go-0.11.4/out/src/goOutline.js:91:19)
	at /home/thubelihle/.vscode/extensions/ms-vscode.go-0.11.4/out/src/goOutline.js:28:16
	at Generator.next (<anonymous>)
	at fulfilled (/home/thubelihle/.vscode/extensions/ms-vscode.go-0.11.4/out/src/goOutline.js:8:58)
[2019-07-26 05:18:03.141] [exthost] [error] [ms-vscode.Go] provider FAILED
[2019-07-26 05:18:03.142] [exthost] [error] Error: name must not be falsy
	at Function.validate (/usr/share/code/resources/app/out/vs/workbench/services/extensions/node/extensionHostProcess.js:347:308)
	at new b (/usr/share/code/resources/app/out/vs/workbench/services/extensions/node/extensionHostProcess.js:347:257)
	at new b (/usr/share/code/resources/app/out/vs/workbench/services/extensions/node/extensionHostProcess.js:335:813)
	at forEach.decl (/home/thubelihle/.vscode/extensions/ms-vscode.go-0.11.4/out/src/goOutline.js:112:28)
	at Array.forEach (<anonymous>)
	at convertToCodeSymbols (/home/thubelihle/.vscode/extensions/ms-vscode.go-0.11.4/out/src/goOutline.js:91:19)
	at /home/thubelihle/.vscode/extensions/ms-vscode.go-0.11.4/out/src/goOutline.js:28:16
	at Generator.next (<anonymous>)
	at fulfilled (/home/thubelihle/.vscode/extensions/ms-vscode.go-0.11.4/out/src/goOutline.js:8:58)
[2019-07-26 05:18:03.571] [exthost] [error] [ms-vscode.Go] provider FAILED
[2019-07-26 05:18:03.571] [exthost] [error] Error: name must not be falsy
	at Function.validate (/usr/share/code/resources/app/out/vs/workbench/services/extensions/node/extensionHostProcess.js:347:308)
	at new b (/usr/share/code/resources/app/out/vs/workbench/services/extensions/node/extensionHostProcess.js:347:257)
	at new b (/usr/share/code/resources/app/out/vs/workbench/services/extensions/node/extensionHostProcess.js:335:813)
	at forEach.decl (/home/thubelihle/.vscode/extensions/ms-vscode.go-0.11.4/out/src/goOutline.js:112:28)
	at Array.forEach (<anonymous>)
	at convertToCodeSymbols (/home/thubelihle/.vscode/extensions/ms-vscode.go-0.11.4/out/src/goOutline.js:91:19)
	at /home/thubelihle/.vscode/extensions/ms-vscode.go-0.11.4/out/src/goOutline.js:28:16
	at Generator.next (<anonymous>)
	at fulfilled (/home/thubelihle/.vscode/extensions/ms-vscode.go-0.11.4/out/src/goOutline.js:8:58)
[2019-07-26 05:18:04.205] [exthost] [error] [ms-vscode.Go] provider FAILED
[2019-07-26 05:18:04.205] [exthost] [error] Error: name must not be falsy
	at Function.validate (/usr/share/code/resources/app/out/vs/workbench/services/extensions/node/extensionHostProcess.js:347:308)
	at new b (/usr/share/code/resources/app/out/vs/workbench/services/extensions/node/extensionHostProcess.js:347:257)
	at new b (/usr/share/code/resources/app/out/vs/workbench/services/extensions/node/extensionHostProcess.js:335:813)
	at forEach.decl (/home/thubelihle/.vscode/extensions/ms-vscode.go-0.11.4/out/src/goOutline.js:112:28)
	at Array.forEach (<anonymous>)
	at convertToCodeSymbols (/home/thubelihle/.vscode/extensions/ms-vscode.go-0.11.4/out/src/goOutline.js:91:19)
	at /home/thubelihle/.vscode/extensions/ms-vscode.go-0.11.4/out/src/goOutline.js:28:16
	at Generator.next (<anonymous>)
	at fulfilled (/home/thubelihle/.vscode/extensions/ms-vscode.go-0.11.4/out/src/goOutline.js:8:58)
[2019-07-26 05:18:05.102] [exthost] [error] [ms-vscode.Go] provider FAILED
[2019-07-26 05:18:05.102] [exthost] [error] Error: name must not be falsy
	at Function.validate (/usr/share/code/resources/app/out/vs/workbench/services/extensions/node/extensionHostProcess.js:347:308)
	at new b (/usr/share/code/resources/app/out/vs/workbench/services/extensions/node/extensionHostProcess.js:347:257)
	at new b (/usr/share/code/resources/app/out/vs/workbench/services/extensions/node/extensionHostProcess.js:335:813)
	at forEach.decl (/home/thubelihle/.vscode/extensions/ms-vscode.go-0.11.4/out/src/goOutline.js:112:28)
	at Array.forEach (<anonymous>)
	at convertToCodeSymbols (/home/thubelihle/.vscode/extensions/ms-vscode.go-0.11.4/out/src/goOutline.js:91:19)
	at /home/thubelihle/.vscode/extensions/ms-vscode.go-0.11.4/out/src/goOutline.js:28:16
	at Generator.next (<anonymous>)
	at fulfilled (/home/thubelihle/.vscode/extensions/ms-vscode.go-0.11.4/out/src/goOutline.js:8:58)
[2019-07-26 05:18:09.175] [exthost] [error] [ms-vscode.Go] provider FAILED
[2019-07-26 05:18:09.176] [exthost] [error] Error: name must not be falsy
	at Function.validate (/usr/share/code/resources/app/out/vs/workbench/services/extensions/node/extensionHostProcess.js:347:308)
	at new b (/usr/share/code/resources/app/out/vs/workbench/services/extensions/node/extensionHostProcess.js:347:257)
	at new b (/usr/share/code/resources/app/out/vs/workbench/services/extensions/node/extensionHostProcess.js:335:813)
	at forEach.decl (/home/thubelihle/.vscode/extensions/ms-vscode.go-0.11.4/out/src/goOutline.js:112:28)
	at Array.forEach (<anonymous>)
	at convertToCodeSymbols (/home/thubelihle/.vscode/extensions/ms-vscode.go-0.11.4/out/src/goOutline.js:91:19)
	at /home/thubelihle/.vscode/extensions/ms-vscode.go-0.11.4/out/src/goOutline.js:28:16
	at Generator.next (<anonymous>)
	at fulfilled (/home/thubelihle/.vscode/extensions/ms-vscode.go-0.11.4/out/src/goOutline.js:8:58)
[2019-07-26 05:18:14.416] [exthost] [error] [ms-vscode.Go] provider FAILED
[2019-07-26 05:18:14.417] [exthost] [error] Error: name must not be falsy
	at Function.validate (/usr/share/code/resources/app/out/vs/workbench/services/extensions/node/extensionHostProcess.js:347:308)
	at new b (/usr/share/code/resources/app/out/vs/workbench/services/extensions/node/extensionHostProcess.js:347:257)
	at new b (/usr/share/code/resources/app/out/vs/workbench/services/extensions/node/extensionHostProcess.js:335:813)
	at forEach.decl (/home/thubelihle/.vscode/extensions/ms-vscode.go-0.11.4/out/src/goOutline.js:112:28)
	at Array.forEach (<anonymous>)
	at convertToCodeSymbols (/home/thubelihle/.vscode/extensions/ms-vscode.go-0.11.4/out/src/goOutline.js:91:19)
	at /home/thubelihle/.vscode/extensions/ms-vscode.go-0.11.4/out/src/goOutline.js:28:16
	at Generator.next (<anonymous>)
	at fulfilled (/home/thubelihle/.vscode/extensions/ms-vscode.go-0.11.4/out/src/goOutline.js:8:58)
[2019-07-26 05:18:14.902] [exthost] [error] [ms-vscode.Go] provider FAILED
[2019-07-26 05:18:14.902] [exthost] [error] Error: name must not be falsy
	at Function.validate (/usr/share/code/resources/app/out/vs/workbench/services/extensions/node/extensionHostProcess.js:347:308)
	at new b (/usr/share/code/resources/app/out/vs/workbench/services/extensions/node/extensionHostProcess.js:347:257)
	at new b (/usr/share/code/resources/app/out/vs/workbench/services/extensions/node/extensionHostProcess.js:335:813)
	at forEach.decl (/home/thubelihle/.vscode/extensions/ms-vscode.go-0.11.4/out/src/goOutline.js:112:28)
	at Array.forEach (<anonymous>)
	at convertToCodeSymbols (/home/thubelihle/.vscode/extensions/ms-vscode.go-0.11.4/out/src/goOutline.js:91:19)
	at /home/thubelihle/.vscode/extensions/ms-vscode.go-0.11.4/out/src/goOutline.js:28:16
	at Generator.next (<anonymous>)
	at fulfilled (/home/thubelihle/.vscode/extensions/ms-vscode.go-0.11.4/out/src/goOutline.js:8:58)
[2019-07-26 05:18:16.241] [exthost] [error] [ms-vscode.Go] provider FAILED
[2019-07-26 05:18:16.241] [exthost] [error] Error: name must not be falsy
	at Function.validate (/usr/share/code/resources/app/out/vs/workbench/services/extensions/node/extensionHostProcess.js:347:308)
	at new b (/usr/share/code/resources/app/out/vs/workbench/services/extensions/node/extensionHostProcess.js:347:257)
	at new b (/usr/share/code/resources/app/out/vs/workbench/services/extensions/node/extensionHostProcess.js:335:813)
	at forEach.decl (/home/thubelihle/.vscode/extensions/ms-vscode.go-0.11.4/out/src/goOutline.js:112:28)
	at Array.forEach (<anonymous>)
	at convertToCodeSymbols (/home/thubelihle/.vscode/extensions/ms-vscode.go-0.11.4/out/src/goOutline.js:91:19)
	at /home/thubelihle/.vscode/extensions/ms-vscode.go-0.11.4/out/src/goOutline.js:28:16
	at Generator.next (<anonymous>)
	at fulfilled (/home/thubelihle/.vscode/extensions/ms-vscode.go-0.11.4/out/src/goOutline.js:8:58)
[2019-07-26 05:18:28.332] [exthost] [error] [ms-vscode.Go] provider FAILED
[2019-07-26 05:18:28.332] [exthost] [error] Error: name must not be falsy
	at Function.validate (/usr/share/code/resources/app/out/vs/workbench/services/extensions/node/extensionHostProcess.js:347:308)
	at new b (/usr/share/code/resources/app/out/vs/workbench/services/extensions/node/extensionHostProcess.js:347:257)
	at new b (/usr/share/code/resources/app/out/vs/workbench/services/extensions/node/extensionHostProcess.js:335:813)
	at forEach.decl (/home/thubelihle/.vscode/extensions/ms-vscode.go-0.11.4/out/src/goOutline.js:112:28)
	at Array.forEach (<anonymous>)
	at convertToCodeSymbols (/home/thubelihle/.vscode/extensions/ms-vscode.go-0.11.4/out/src/goOutline.js:91:19)
	at /home/thubelihle/.vscode/extensions/ms-vscode.go-0.11.4/out/src/goOutline.js:28:16
	at Generator.next (<anonymous>)
	at fulfilled (/home/thubelihle/.vscode/extensions/ms-vscode.go-0.11.4/out/src/goOutline.js:8:58)
[2019-07-26 05:19:19.821] [exthost] [error] [ms-vscode.Go] provider FAILED
[2019-07-26 05:19:19.821] [exthost] [error] Command failed: /home/thubelihle/repos/go/bin/godef -t -i -f /home/thubelihle/repos/go/src/github.com/sisimogangg/supermarket.products.api/service/product_service.go -o 1250

[2019-07-26 05:21:34.238] [exthost] [error] [ms-vscode.Go] provider FAILED
[2019-07-26 05:21:34.238] [exthost] [error] Command failed: /home/thubelihle/repos/go/bin/godef -t -i -f /home/thubelihle/repos/go/src/github.com/sisimogangg/supermarket.products.api/service/product_service.go -o 1453

[2019-07-26 05:25:27.147] [exthost] [error] [ms-vscode.Go] provider FAILED
[2019-07-26 05:25:27.147] [exthost] [error] Check the console in dev tools to find errors when formatting.
[2019-07-26 05:25:49.663] [exthost] [error] [ms-vscode.Go] provider FAILED
[2019-07-26 05:25:49.664] [exthost] [error] Error: name must not be falsy
	at Function.validate (/usr/share/code/resources/app/out/vs/workbench/services/extensions/node/extensionHostProcess.js:347:308)
	at new b (/usr/share/code/resources/app/out/vs/workbench/services/extensions/node/extensionHostProcess.js:347:257)
	at new b (/usr/share/code/resources/app/out/vs/workbench/services/extensions/node/extensionHostProcess.js:335:813)
	at forEach.decl (/home/thubelihle/.vscode/extensions/ms-vscode.go-0.11.4/out/src/goOutline.js:112:28)
	at Array.forEach (<anonymous>)
	at convertToCodeSymbols (/home/thubelihle/.vscode/extensions/ms-vscode.go-0.11.4/out/src/goOutline.js:91:19)
	at /home/thubelihle/.vscode/extensions/ms-vscode.go-0.11.4/out/src/goOutline.js:28:16
	at Generator.next (<anonymous>)
	at fulfilled (/home/thubelihle/.vscode/extensions/ms-vscode.go-0.11.4/out/src/goOutline.js:8:58)
[2019-07-26 05:25:52.218] [exthost] [error] [ms-vscode.Go] provider FAILED
[2019-07-26 05:25:52.218] [exthost] [error] Error: name must not be falsy
	at Function.validate (/usr/share/code/resources/app/out/vs/workbench/services/extensions/node/extensionHostProcess.js:347:308)
	at new b (/usr/share/code/resources/app/out/vs/workbench/services/extensions/node/extensionHostProcess.js:347:257)
	at new b (/usr/share/code/resources/app/out/vs/workbench/services/extensions/node/extensionHostProcess.js:335:813)
	at forEach.decl (/home/thubelihle/.vscode/extensions/ms-vscode.go-0.11.4/out/src/goOutline.js:112:28)
	at Array.forEach (<anonymous>)
	at convertToCodeSymbols (/home/thubelihle/.vscode/extensions/ms-vscode.go-0.11.4/out/src/goOutline.js:91:19)
	at /home/thubelihle/.vscode/extensions/ms-vscode.go-0.11.4/out/src/goOutline.js:28:16
	at Generator.next (<anonymous>)
	at fulfilled (/home/thubelihle/.vscode/extensions/ms-vscode.go-0.11.4/out/src/goOutline.js:8:58)
[2019-07-26 05:25:53.700] [exthost] [error] [ms-vscode.Go] provider FAILED
[2019-07-26 05:25:53.700] [exthost] [error] Error: name must not be falsy
	at Function.validate (/usr/share/code/resources/app/out/vs/workbench/services/extensions/node/extensionHostProcess.js:347:308)
	at new b (/usr/share/code/resources/app/out/vs/workbench/services/extensions/node/extensionHostProcess.js:347:257)
	at new b (/usr/share/code/resources/app/out/vs/workbench/services/extensions/node/extensionHostProcess.js:335:813)
	at forEach.decl (/home/thubelihle/.vscode/extensions/ms-vscode.go-0.11.4/out/src/goOutline.js:112:28)
	at Array.forEach (<anonymous>)
	at convertToCodeSymbols (/home/thubelihle/.vscode/extensions/ms-vscode.go-0.11.4/out/src/goOutline.js:91:19)
	at /home/thubelihle/.vscode/extensions/ms-vscode.go-0.11.4/out/src/goOutline.js:28:16
	at Generator.next (<anonymous>)
	at fulfilled (/home/thubelihle/.vscode/extensions/ms-vscode.go-0.11.4/out/src/goOutline.js:8:58)
[2019-07-26 05:25:55.324] [exthost] [error] [ms-vscode.Go] provider FAILED
[2019-07-26 05:25:55.324] [exthost] [error] Error: name must not be falsy
	at Function.validate (/usr/share/code/resources/app/out/vs/workbench/services/extensions/node/extensionHostProcess.js:347:308)
	at new b (/usr/share/code/resources/app/out/vs/workbench/services/extensions/node/extensionHostProcess.js:347:257)
	at new b (/usr/share/code/resources/app/out/vs/workbench/services/extensions/node/extensionHostProcess.js:335:813)
	at forEach.decl (/home/thubelihle/.vscode/extensions/ms-vscode.go-0.11.4/out/src/goOutline.js:112:28)
	at Array.forEach (<anonymous>)
	at convertToCodeSymbols (/home/thubelihle/.vscode/extensions/ms-vscode.go-0.11.4/out/src/goOutline.js:91:19)
	at /home/thubelihle/.vscode/extensions/ms-vscode.go-0.11.4/out/src/goOutline.js:28:16
	at Generator.next (<anonymous>)
	at fulfilled (/home/thubelihle/.vscode/extensions/ms-vscode.go-0.11.4/out/src/goOutline.js:8:58)
[2019-07-26 05:25:56.655] [exthost] [error] [ms-vscode.Go] provider FAILED
[2019-07-26 05:25:56.656] [exthost] [error] Error: name must not be falsy
	at Function.validate (/usr/share/code/resources/app/out/vs/workbench/services/extensions/node/extensionHostProcess.js:347:308)
	at new b (/usr/share/code/resources/app/out/vs/workbench/services/extensions/node/extensionHostProcess.js:347:257)
	at new b (/usr/share/code/resources/app/out/vs/workbench/services/extensions/node/extensionHostProcess.js:335:813)
	at forEach.decl (/home/thubelihle/.vscode/extensions/ms-vscode.go-0.11.4/out/src/goOutline.js:112:28)
	at Array.forEach (<anonymous>)
	at convertToCodeSymbols (/home/thubelihle/.vscode/extensions/ms-vscode.go-0.11.4/out/src/goOutline.js:91:19)
	at /home/thubelihle/.vscode/extensions/ms-vscode.go-0.11.4/out/src/goOutline.js:28:16
	at Generator.next (<anonymous>)
	at fulfilled (/home/thubelihle/.vscode/extensions/ms-vscode.go-0.11.4/out/src/goOutline.js:8:58)
[2019-07-26 05:25:59.036] [exthost] [error] [ms-vscode.Go] provider FAILED
[2019-07-26 05:25:59.037] [exthost] [error] Error: name must not be falsy
	at Function.validate (/usr/share/code/resources/app/out/vs/workbench/services/extensions/node/extensionHostProcess.js:347:308)
	at new b (/usr/share/code/resources/app/out/vs/workbench/services/extensions/node/extensionHostProcess.js:347:257)
	at new b (/usr/share/code/resources/app/out/vs/workbench/services/extensions/node/extensionHostProcess.js:335:813)
	at forEach.decl (/home/thubelihle/.vscode/extensions/ms-vscode.go-0.11.4/out/src/goOutline.js:112:28)
	at Array.forEach (<anonymous>)
	at convertToCodeSymbols (/home/thubelihle/.vscode/extensions/ms-vscode.go-0.11.4/out/src/goOutline.js:91:19)
	at /home/thubelihle/.vscode/extensions/ms-vscode.go-0.11.4/out/src/goOutline.js:28:16
	at Generator.next (<anonymous>)
	at fulfilled (/home/thubelihle/.vscode/extensions/ms-vscode.go-0.11.4/out/src/goOutline.js:8:58)
[2019-07-26 05:26:00.112] [exthost] [error] [ms-vscode.Go] provider FAILED
[2019-07-26 05:26:00.112] [exthost] [error] Error: name must not be falsy
	at Function.validate (/usr/share/code/resources/app/out/vs/workbench/services/extensions/node/extensionHostProcess.js:347:308)
	at new b (/usr/share/code/resources/app/out/vs/workbench/services/extensions/node/extensionHostProcess.js:347:257)
	at new b (/usr/share/code/resources/app/out/vs/workbench/services/extensions/node/extensionHostProcess.js:335:813)
	at forEach.decl (/home/thubelihle/.vscode/extensions/ms-vscode.go-0.11.4/out/src/goOutline.js:112:28)
	at Array.forEach (<anonymous>)
	at convertToCodeSymbols (/home/thubelihle/.vscode/extensions/ms-vscode.go-0.11.4/out/src/goOutline.js:91:19)
	at /home/thubelihle/.vscode/extensions/ms-vscode.go-0.11.4/out/src/goOutline.js:28:16
	at Generator.next (<anonymous>)
	at fulfilled (/home/thubelihle/.vscode/extensions/ms-vscode.go-0.11.4/out/src/goOutline.js:8:58)
[2019-07-26 05:26:00.825] [exthost] [error] [ms-vscode.Go] provider FAILED
[2019-07-26 05:26:00.825] [exthost] [error] Error: name must not be falsy
	at Function.validate (/usr/share/code/resources/app/out/vs/workbench/services/extensions/node/extensionHostProcess.js:347:308)
	at new b (/usr/share/code/resources/app/out/vs/workbench/services/extensions/node/extensionHostProcess.js:347:257)
	at new b (/usr/share/code/resources/app/out/vs/workbench/services/extensions/node/extensionHostProcess.js:335:813)
	at forEach.decl (/home/thubelihle/.vscode/extensions/ms-vscode.go-0.11.4/out/src/goOutline.js:112:28)
	at Array.forEach (<anonymous>)
	at convertToCodeSymbols (/home/thubelihle/.vscode/extensions/ms-vscode.go-0.11.4/out/src/goOutline.js:91:19)
	at /home/thubelihle/.vscode/extensions/ms-vscode.go-0.11.4/out/src/goOutline.js:28:16
	at Generator.next (<anonymous>)
	at fulfilled (/home/thubelihle/.vscode/extensions/ms-vscode.go-0.11.4/out/src/goOutline.js:8:58)
[2019-07-26 05:26:04.349] [exthost] [error] [ms-vscode.Go] provider FAILED
[2019-07-26 05:26:04.349] [exthost] [error] Error: name must not be falsy
	at Function.validate (/usr/share/code/resources/app/out/vs/workbench/services/extensions/node/extensionHostProcess.js:347:308)
	at new b (/usr/share/code/resources/app/out/vs/workbench/services/extensions/node/extensionHostProcess.js:347:257)
	at new b (/usr/share/code/resources/app/out/vs/workbench/services/extensions/node/extensionHostProcess.js:335:813)
	at forEach.decl (/home/thubelihle/.vscode/extensions/ms-vscode.go-0.11.4/out/src/goOutline.js:112:28)
	at Array.forEach (<anonymous>)
	at convertToCodeSymbols (/home/thubelihle/.vscode/extensions/ms-vscode.go-0.11.4/out/src/goOutline.js:91:19)
	at /home/thubelihle/.vscode/extensions/ms-vscode.go-0.11.4/out/src/goOutline.js:28:16
	at Generator.next (<anonymous>)
	at fulfilled (/home/thubelihle/.vscode/extensions/ms-vscode.go-0.11.4/out/src/goOutline.js:8:58)
[2019-07-26 05:26:04.888] [exthost] [error] [ms-vscode.Go] provider FAILED
[2019-07-26 05:26:04.889] [exthost] [error] Error: name must not be falsy
	at Function.validate (/usr/share/code/resources/app/out/vs/workbench/services/extensions/node/extensionHostProcess.js:347:308)
	at new b (/usr/share/code/resources/app/out/vs/workbench/services/extensions/node/extensionHostProcess.js:347:257)
	at new b (/usr/share/code/resources/app/out/vs/workbench/services/extensions/node/extensionHostProcess.js:335:813)
	at forEach.decl (/home/thubelihle/.vscode/extensions/ms-vscode.go-0.11.4/out/src/goOutline.js:112:28)
	at Array.forEach (<anonymous>)
	at convertToCodeSymbols (/home/thubelihle/.vscode/extensions/ms-vscode.go-0.11.4/out/src/goOutline.js:91:19)
	at /home/thubelihle/.vscode/extensions/ms-vscode.go-0.11.4/out/src/goOutline.js:28:16
	at Generator.next (<anonymous>)
	at fulfilled (/home/thubelihle/.vscode/extensions/ms-vscode.go-0.11.4/out/src/goOutline.js:8:58)
[2019-07-26 05:26:19.008] [exthost] [error] [ms-vscode.Go] provider FAILED
[2019-07-26 05:26:19.009] [exthost] [error] Error: name must not be falsy
	at Function.validate (/usr/share/code/resources/app/out/vs/workbench/services/extensions/node/extensionHostProcess.js:347:308)
	at new b (/usr/share/code/resources/app/out/vs/workbench/services/extensions/node/extensionHostProcess.js:347:257)
	at new b (/usr/share/code/resources/app/out/vs/workbench/services/extensions/node/extensionHostProcess.js:335:813)
	at forEach.decl (/home/thubelihle/.vscode/extensions/ms-vscode.go-0.11.4/out/src/goOutline.js:112:28)
	at Array.forEach (<anonymous>)
	at convertToCodeSymbols (/home/thubelihle/.vscode/extensions/ms-vscode.go-0.11.4/out/src/goOutline.js:91:19)
	at /home/thubelihle/.vscode/extensions/ms-vscode.go-0.11.4/out/src/goOutline.js:28:16
	at Generator.next (<anonymous>)
	at fulfilled (/home/thubelihle/.vscode/extensions/ms-vscode.go-0.11.4/out/src/goOutline.js:8:58)
[2019-07-26 05:34:44.693] [exthost] [error] [ms-vscode.Go] provider FAILED
[2019-07-26 05:34:44.694] [exthost] [error] Error: name must not be falsy
	at Function.validate (/usr/share/code/resources/app/out/vs/workbench/services/extensions/node/extensionHostProcess.js:347:308)
	at new b (/usr/share/code/resources/app/out/vs/workbench/services/extensions/node/extensionHostProcess.js:347:257)
	at new b (/usr/share/code/resources/app/out/vs/workbench/services/extensions/node/extensionHostProcess.js:335:813)
	at forEach.decl (/home/thubelihle/.vscode/extensions/ms-vscode.go-0.11.4/out/src/goOutline.js:112:28)
	at Array.forEach (<anonymous>)
	at convertToCodeSymbols (/home/thubelihle/.vscode/extensions/ms-vscode.go-0.11.4/out/src/goOutline.js:91:19)
	at /home/thubelihle/.vscode/extensions/ms-vscode.go-0.11.4/out/src/goOutline.js:28:16
	at Generator.next (<anonymous>)
	at fulfilled (/home/thubelihle/.vscode/extensions/ms-vscode.go-0.11.4/out/src/goOutline.js:8:58)
[2019-07-26 05:34:56.907] [exthost] [error] [ms-vscode.Go] provider FAILED
[2019-07-26 05:34:56.908] [exthost] [error] Error: name must not be falsy
	at Function.validate (/usr/share/code/resources/app/out/vs/workbench/services/extensions/node/extensionHostProcess.js:347:308)
	at new b (/usr/share/code/resources/app/out/vs/workbench/services/extensions/node/extensionHostProcess.js:347:257)
	at new b (/usr/share/code/resources/app/out/vs/workbench/services/extensions/node/extensionHostProcess.js:335:813)
	at forEach.decl (/home/thubelihle/.vscode/extensions/ms-vscode.go-0.11.4/out/src/goOutline.js:112:28)
	at Array.forEach (<anonymous>)
	at convertToCodeSymbols (/home/thubelihle/.vscode/extensions/ms-vscode.go-0.11.4/out/src/goOutline.js:91:19)
	at /home/thubelihle/.vscode/extensions/ms-vscode.go-0.11.4/out/src/goOutline.js:28:16
	at Generator.next (<anonymous>)
	at fulfilled (/home/thubelihle/.vscode/extensions/ms-vscode.go-0.11.4/out/src/goOutline.js:8:58)
[2019-07-26 05:37:25.508] [exthost] [info] ExtensionService#_doActivateExtension georgewfraser.vscode-javac {"startup":false,"activationEvent":"onDebug"}
[2019-07-26 05:37:25.509] [exthost] [info] ExtensionService#loadCommonJSModule /home/thubelihle/.vscode/extensions/georgewfraser.vscode-javac-0.2.21/out/lib/extension
[2019-07-26 05:37:26.037] [exthost] [info] ExtensionService#_doActivateExtension vscode.debug-server-ready {"startup":false,"activationEvent":"onDebugResolve"}
[2019-07-26 05:37:26.037] [exthost] [info] ExtensionService#loadCommonJSModule /usr/share/code/resources/app/extensions/debug-server-ready/dist/extension
[2019-07-26 07:12:35.059] [exthost] [error] [ms-vscode.Go] provider FAILED
[2019-07-26 07:12:35.059] [exthost] [error] Check the console in dev tools to find errors when formatting.
[2019-07-26 07:50:51.374] [exthost] [error] [ms-vscode.Go] provider FAILED
[2019-07-26 07:50:51.374] [exthost] [error] Command failed: /home/thubelihle/repos/go/bin/godef -t -i -f /home/thubelihle/repos/go/src/github.com/sisimogangg/supermarket.products.api/service/product_service.go -o 1123

[2019-07-26 07:51:41.973] [exthost] [error] [ms-vscode.Go] provider FAILED
[2019-07-26 07:51:41.974] [exthost] [error] Error: name must not be falsy
	at Function.validate (/usr/share/code/resources/app/out/vs/workbench/services/extensions/node/extensionHostProcess.js:347:308)
	at new b (/usr/share/code/resources/app/out/vs/workbench/services/extensions/node/extensionHostProcess.js:347:257)
	at new b (/usr/share/code/resources/app/out/vs/workbench/services/extensions/node/extensionHostProcess.js:335:813)
	at forEach.decl (/home/thubelihle/.vscode/extensions/ms-vscode.go-0.11.4/out/src/goOutline.js:112:28)
	at Array.forEach (<anonymous>)
	at convertToCodeSymbols (/home/thubelihle/.vscode/extensions/ms-vscode.go-0.11.4/out/src/goOutline.js:91:19)
	at /home/thubelihle/.vscode/extensions/ms-vscode.go-0.11.4/out/src/goOutline.js:28:16
	at Generator.next (<anonymous>)
	at fulfilled (/home/thubelihle/.vscode/extensions/ms-vscode.go-0.11.4/out/src/goOutline.js:8:58)
[2019-07-26 07:51:44.748] [exthost] [error] [ms-vscode.Go] provider FAILED
[2019-07-26 07:51:44.749] [exthost] [error] Error: name must not be falsy
	at Function.validate (/usr/share/code/resources/app/out/vs/workbench/services/extensions/node/extensionHostProcess.js:347:308)
	at new b (/usr/share/code/resources/app/out/vs/workbench/services/extensions/node/extensionHostProcess.js:347:257)
	at new b (/usr/share/code/resources/app/out/vs/workbench/services/extensions/node/extensionHostProcess.js:335:813)
	at forEach.decl (/home/thubelihle/.vscode/extensions/ms-vscode.go-0.11.4/out/src/goOutline.js:112:28)
	at Array.forEach (<anonymous>)
	at convertToCodeSymbols (/home/thubelihle/.vscode/extensions/ms-vscode.go-0.11.4/out/src/goOutline.js:91:19)
	at /home/thubelihle/.vscode/extensions/ms-vscode.go-0.11.4/out/src/goOutline.js:28:16
	at Generator.next (<anonymous>)
	at fulfilled (/home/thubelihle/.vscode/extensions/ms-vscode.go-0.11.4/out/src/goOutline.js:8:58)
[2019-07-26 07:53:36.347] [exthost] [error] [ms-vscode.Go] provider FAILED
[2019-07-26 07:53:36.347] [exthost] [error] Error: name must not be falsy
	at Function.validate (/usr/share/code/resources/app/out/vs/workbench/services/extensions/node/extensionHostProcess.js:347:308)
	at new b (/usr/share/code/resources/app/out/vs/workbench/services/extensions/node/extensionHostProcess.js:347:257)
	at new b (/usr/share/code/resources/app/out/vs/workbench/services/extensions/node/extensionHostProcess.js:335:813)
	at forEach.decl (/home/thubelihle/.vscode/extensions/ms-vscode.go-0.11.4/out/src/goOutline.js:112:28)
	at Array.forEach (<anonymous>)
	at convertToCodeSymbols (/home/thubelihle/.vscode/extensions/ms-vscode.go-0.11.4/out/src/goOutline.js:91:19)
	at /home/thubelihle/.vscode/extensions/ms-vscode.go-0.11.4/out/src/goOutline.js:28:16
	at Generator.next (<anonymous>)
	at fulfilled (/home/thubelihle/.vscode/extensions/ms-vscode.go-0.11.4/out/src/goOutline.js:8:58)
[2019-07-26 08:29:59.259] [exthost] [error] [ms-vscode.Go] provider FAILED
[2019-07-26 08:29:59.260] [exthost] [error] Error: name must not be falsy
	at Function.validate (/usr/share/code/resources/app/out/vs/workbench/services/extensions/node/extensionHostProcess.js:347:308)
	at new b (/usr/share/code/resources/app/out/vs/workbench/services/extensions/node/extensionHostProcess.js:347:257)
	at new b (/usr/share/code/resources/app/out/vs/workbench/services/extensions/node/extensionHostProcess.js:335:813)
	at forEach.decl (/home/thubelihle/.vscode/extensions/ms-vscode.go-0.11.4/out/src/goOutline.js:112:28)
	at Array.forEach (<anonymous>)
	at convertToCodeSymbols (/home/thubelihle/.vscode/extensions/ms-vscode.go-0.11.4/out/src/goOutline.js:91:19)
	at /home/thubelihle/.vscode/extensions/ms-vscode.go-0.11.4/out/src/goOutline.js:28:16
	at Generator.next (<anonymous>)
	at fulfilled (/home/thubelihle/.vscode/extensions/ms-vscode.go-0.11.4/out/src/goOutline.js:8:58)
[2019-07-26 08:30:24.930] [exthost] [error] [ms-vscode.Go] provider FAILED
[2019-07-26 08:30:24.931] [exthost] [error] Error: name must not be falsy
	at Function.validate (/usr/share/code/resources/app/out/vs/workbench/services/extensions/node/extensionHostProcess.js:347:308)
	at new b (/usr/share/code/resources/app/out/vs/workbench/services/extensions/node/extensionHostProcess.js:347:257)
	at new b (/usr/share/code/resources/app/out/vs/workbench/services/extensions/node/extensionHostProcess.js:335:813)
	at forEach.decl (/home/thubelihle/.vscode/extensions/ms-vscode.go-0.11.4/out/src/goOutline.js:112:28)
	at Array.forEach (<anonymous>)
	at convertToCodeSymbols (/home/thubelihle/.vscode/extensions/ms-vscode.go-0.11.4/out/src/goOutline.js:91:19)
	at /home/thubelihle/.vscode/extensions/ms-vscode.go-0.11.4/out/src/goOutline.js:28:16
	at Generator.next (<anonymous>)
	at fulfilled (/home/thubelihle/.vscode/extensions/ms-vscode.go-0.11.4/out/src/goOutline.js:8:58)
[2019-07-26 08:30:45.194] [exthost] [error] [ms-vscode.Go] provider FAILED
[2019-07-26 08:30:45.195] [exthost] [error] Error: name must not be falsy
	at Function.validate (/usr/share/code/resources/app/out/vs/workbench/services/extensions/node/extensionHostProcess.js:347:308)
	at new b (/usr/share/code/resources/app/out/vs/workbench/services/extensions/node/extensionHostProcess.js:347:257)
	at new b (/usr/share/code/resources/app/out/vs/workbench/services/extensions/node/extensionHostProcess.js:335:813)
	at forEach.decl (/home/thubelihle/.vscode/extensions/ms-vscode.go-0.11.4/out/src/goOutline.js:112:28)
	at Array.forEach (<anonymous>)
	at convertToCodeSymbols (/home/thubelihle/.vscode/extensions/ms-vscode.go-0.11.4/out/src/goOutline.js:91:19)
	at /home/thubelihle/.vscode/extensions/ms-vscode.go-0.11.4/out/src/goOutline.js:28:16
	at Generator.next (<anonymous>)
	at fulfilled (/home/thubelihle/.vscode/extensions/ms-vscode.go-0.11.4/out/src/goOutline.js:8:58)
